  [1m[35m (1.1ms)[0m  [1m[35mCREATE TABLE "schema_migrations" ("version" varchar NOT NULL PRIMARY KEY)[0m
  [1m[35m (0.9ms)[0m  [1m[35mCREATE TABLE "ar_internal_metadata" ("key" varchar NOT NULL PRIMARY KEY, "value" varchar, "created_at" datetime NOT NULL, "updated_at" datetime NOT NULL)[0m
  [1m[36mActiveRecord::SchemaMigration Load (0.1ms)[0m  [1m[34mSELECT "schema_migrations".* FROM "schema_migrations"[0m
Migrating to DeviseCreateUsers (20170223024158)
  [1m[35m (0.1ms)[0m  [1m[36mbegin transaction[0m
  [1m[35m (0.5ms)[0m  [1m[35mCREATE TABLE "users" ("id" INTEGER PRIMARY KEY AUTOINCREMENT NOT NULL, "first_name" varchar, "last_name" varchar, "email" varchar DEFAULT '' NOT NULL, "encrypted_password" varchar DEFAULT '' NOT NULL, "reset_password_token" varchar, "reset_password_sent_at" datetime, "remember_created_at" datetime, "sign_in_count" integer DEFAULT 0 NOT NULL, "current_sign_in_at" datetime, "last_sign_in_at" datetime, "current_sign_in_ip" varchar, "last_sign_in_ip" varchar, "created_at" datetime NOT NULL, "updated_at" datetime NOT NULL)[0m
  [1m[35m (0.1ms)[0m  [1m[34mselect sqlite_version(*)[0m
  [1m[35m (0.1ms)[0m  [1m[35mCREATE UNIQUE INDEX "index_users_on_email" ON "users" ("email")[0m
  [1m[35m (0.0ms)[0m  [1m[34m            SELECT sql
            FROM sqlite_master
            WHERE name='index_users_on_email' AND type='index'
            UNION ALL
            SELECT sql
            FROM sqlite_temp_master
            WHERE name='index_users_on_email' AND type='index'
[0m
  [1m[35m (0.1ms)[0m  [1m[35mCREATE UNIQUE INDEX "index_users_on_reset_password_token" ON "users" ("reset_password_token")[0m
  [1m[35mSQL (0.1ms)[0m  [1m[32mINSERT INTO "schema_migrations" ("version") VALUES (?)[0m  [["version", "20170223024158"]]
  [1m[35m (0.8ms)[0m  [1m[36mcommit transaction[0m
  [1m[36mActiveRecord::InternalMetadata Load (0.1ms)[0m  [1m[34mSELECT  "ar_internal_metadata".* FROM "ar_internal_metadata" WHERE "ar_internal_metadata"."key" = ? LIMIT ?[0m  [["key", :environment], ["LIMIT", 1]]
  [1m[35m (0.0ms)[0m  [1m[36mbegin transaction[0m
  [1m[35mSQL (0.3ms)[0m  [1m[32mINSERT INTO "ar_internal_metadata" ("key", "value", "created_at", "updated_at") VALUES (?, ?, ?, ?)[0m  [["key", "environment"], ["value", "development"], ["created_at", 2017-02-23 02:43:18 UTC], ["updated_at", 2017-02-23 02:43:18 UTC]]
  [1m[35m (0.7ms)[0m  [1m[36mcommit transaction[0m
  [1m[36mActiveRecord::SchemaMigration Load (0.1ms)[0m  [1m[34mSELECT "schema_migrations".* FROM "schema_migrations"[0m
  [1m[35m (0.1ms)[0m  [1m[34m            SELECT sql
            FROM sqlite_master
            WHERE name='index_users_on_reset_password_token' AND type='index'
            UNION ALL
            SELECT sql
            FROM sqlite_temp_master
            WHERE name='index_users_on_reset_password_token' AND type='index'
[0m
  [1m[35m (0.1ms)[0m  [1m[34m            SELECT sql
            FROM sqlite_master
            WHERE name='index_users_on_email' AND type='index'
            UNION ALL
            SELECT sql
            FROM sqlite_temp_master
            WHERE name='index_users_on_email' AND type='index'
[0m
Started GET "/" for ::1 at 2017-02-22 20:44:23 -0600
  [1m[36mActiveRecord::SchemaMigration Load (0.1ms)[0m  [1m[34mSELECT "schema_migrations".* FROM "schema_migrations"[0m
Processing by Rails::WelcomeController#index as HTML
  Parameters: {"internal"=>true}
  Rendering /Users/morganosborne/.rvm/gems/ruby-2.2.5/gems/railties-5.0.1/lib/rails/templates/rails/welcome/index.html.erb
  Rendered /Users/morganosborne/.rvm/gems/ruby-2.2.5/gems/railties-5.0.1/lib/rails/templates/rails/welcome/index.html.erb (11.1ms)
Completed 200 OK in 30ms (Views: 18.7ms | ActiveRecord: 0.0ms)


Started GET "/search" for ::1 at 2017-02-22 20:44:26 -0600
  
ActionController::RoutingError (No route matches [GET] "/search"):
  
actionpack (5.0.1) lib/action_dispatch/middleware/debug_exceptions.rb:53:in `call'
web-console (3.4.0) lib/web_console/middleware.rb:135:in `call_app'
web-console (3.4.0) lib/web_console/middleware.rb:28:in `block in call'
web-console (3.4.0) lib/web_console/middleware.rb:18:in `catch'
web-console (3.4.0) lib/web_console/middleware.rb:18:in `call'
actionpack (5.0.1) lib/action_dispatch/middleware/show_exceptions.rb:31:in `call'
railties (5.0.1) lib/rails/rack/logger.rb:36:in `call_app'
railties (5.0.1) lib/rails/rack/logger.rb:24:in `block in call'
activesupport (5.0.1) lib/active_support/tagged_logging.rb:69:in `block in tagged'
activesupport (5.0.1) lib/active_support/tagged_logging.rb:26:in `tagged'
activesupport (5.0.1) lib/active_support/tagged_logging.rb:69:in `tagged'
railties (5.0.1) lib/rails/rack/logger.rb:24:in `call'
sprockets-rails (3.2.0) lib/sprockets/rails/quiet_assets.rb:13:in `call'
actionpack (5.0.1) lib/action_dispatch/middleware/request_id.rb:24:in `call'
rack (2.0.1) lib/rack/method_override.rb:22:in `call'
rack (2.0.1) lib/rack/runtime.rb:22:in `call'
activesupport (5.0.1) lib/active_support/cache/strategy/local_cache_middleware.rb:28:in `call'
actionpack (5.0.1) lib/action_dispatch/middleware/executor.rb:12:in `call'
actionpack (5.0.1) lib/action_dispatch/middleware/static.rb:136:in `call'
rack (2.0.1) lib/rack/sendfile.rb:111:in `call'
railties (5.0.1) lib/rails/engine.rb:522:in `call'
puma (3.7.1) lib/puma/configuration.rb:232:in `call'
puma (3.7.1) lib/puma/server.rb:578:in `handle_request'
puma (3.7.1) lib/puma/server.rb:415:in `process_client'
puma (3.7.1) lib/puma/server.rb:275:in `block in run'
puma (3.7.1) lib/puma/thread_pool.rb:120:in `call'
puma (3.7.1) lib/puma/thread_pool.rb:120:in `block in spawn_thread'
  Rendering /Users/morganosborne/.rvm/gems/ruby-2.2.5/gems/actionpack-5.0.1/lib/action_dispatch/middleware/templates/rescues/routing_error.html.erb within rescues/layout
  Rendering /Users/morganosborne/.rvm/gems/ruby-2.2.5/gems/actionpack-5.0.1/lib/action_dispatch/middleware/templates/rescues/_trace.html.erb
  Rendered /Users/morganosborne/.rvm/gems/ruby-2.2.5/gems/actionpack-5.0.1/lib/action_dispatch/middleware/templates/rescues/_trace.html.erb (1.8ms)
  Rendered collection of /Users/morganosborne/.rvm/gems/ruby-2.2.5/gems/actionpack-5.0.1/lib/action_dispatch/middleware/templates/routes/_route.html.erb [16 times] (12.5ms)
  Rendered /Users/morganosborne/.rvm/gems/ruby-2.2.5/gems/actionpack-5.0.1/lib/action_dispatch/middleware/templates/routes/_table.html.erb (7.7ms)
  Rendering /Users/morganosborne/.rvm/gems/ruby-2.2.5/gems/actionpack-5.0.1/lib/action_dispatch/middleware/templates/rescues/_request_and_response.html.erb
  Rendered /Users/morganosborne/.rvm/gems/ruby-2.2.5/gems/actionpack-5.0.1/lib/action_dispatch/middleware/templates/rescues/_request_and_response.html.erb (0.9ms)
  Rendered /Users/morganosborne/.rvm/gems/ruby-2.2.5/gems/actionpack-5.0.1/lib/action_dispatch/middleware/templates/rescues/routing_error.html.erb within rescues/layout (116.2ms)
Started GET "/sign%20in" for ::1 at 2017-02-22 20:44:28 -0600
  
ActionController::RoutingError (No route matches [GET] "/sign%20in"):
  
actionpack (5.0.1) lib/action_dispatch/middleware/debug_exceptions.rb:53:in `call'
web-console (3.4.0) lib/web_console/middleware.rb:135:in `call_app'
web-console (3.4.0) lib/web_console/middleware.rb:28:in `block in call'
web-console (3.4.0) lib/web_console/middleware.rb:18:in `catch'
web-console (3.4.0) lib/web_console/middleware.rb:18:in `call'
actionpack (5.0.1) lib/action_dispatch/middleware/show_exceptions.rb:31:in `call'
railties (5.0.1) lib/rails/rack/logger.rb:36:in `call_app'
railties (5.0.1) lib/rails/rack/logger.rb:24:in `block in call'
activesupport (5.0.1) lib/active_support/tagged_logging.rb:69:in `block in tagged'
activesupport (5.0.1) lib/active_support/tagged_logging.rb:26:in `tagged'
activesupport (5.0.1) lib/active_support/tagged_logging.rb:69:in `tagged'
railties (5.0.1) lib/rails/rack/logger.rb:24:in `call'
sprockets-rails (3.2.0) lib/sprockets/rails/quiet_assets.rb:13:in `call'
actionpack (5.0.1) lib/action_dispatch/middleware/request_id.rb:24:in `call'
rack (2.0.1) lib/rack/method_override.rb:22:in `call'
rack (2.0.1) lib/rack/runtime.rb:22:in `call'
activesupport (5.0.1) lib/active_support/cache/strategy/local_cache_middleware.rb:28:in `call'
actionpack (5.0.1) lib/action_dispatch/middleware/executor.rb:12:in `call'
actionpack (5.0.1) lib/action_dispatch/middleware/static.rb:136:in `call'
rack (2.0.1) lib/rack/sendfile.rb:111:in `call'
railties (5.0.1) lib/rails/engine.rb:522:in `call'
puma (3.7.1) lib/puma/configuration.rb:232:in `call'
puma (3.7.1) lib/puma/server.rb:578:in `handle_request'
puma (3.7.1) lib/puma/server.rb:415:in `process_client'
puma (3.7.1) lib/puma/server.rb:275:in `block in run'
puma (3.7.1) lib/puma/thread_pool.rb:120:in `call'
puma (3.7.1) lib/puma/thread_pool.rb:120:in `block in spawn_thread'
  Rendering /Users/morganosborne/.rvm/gems/ruby-2.2.5/gems/actionpack-5.0.1/lib/action_dispatch/middleware/templates/rescues/routing_error.html.erb within rescues/layout
  Rendering /Users/morganosborne/.rvm/gems/ruby-2.2.5/gems/actionpack-5.0.1/lib/action_dispatch/middleware/templates/rescues/_trace.html.erb
  Rendered /Users/morganosborne/.rvm/gems/ruby-2.2.5/gems/actionpack-5.0.1/lib/action_dispatch/middleware/templates/rescues/_trace.html.erb (1.3ms)
  Rendered collection of /Users/morganosborne/.rvm/gems/ruby-2.2.5/gems/actionpack-5.0.1/lib/action_dispatch/middleware/templates/routes/_route.html.erb [16 times] (3.7ms)
  Rendered /Users/morganosborne/.rvm/gems/ruby-2.2.5/gems/actionpack-5.0.1/lib/action_dispatch/middleware/templates/routes/_table.html.erb (1.0ms)
  Rendering /Users/morganosborne/.rvm/gems/ruby-2.2.5/gems/actionpack-5.0.1/lib/action_dispatch/middleware/templates/rescues/_request_and_response.html.erb
  Rendered /Users/morganosborne/.rvm/gems/ruby-2.2.5/gems/actionpack-5.0.1/lib/action_dispatch/middleware/templates/rescues/_request_and_response.html.erb (0.9ms)
  Rendered /Users/morganosborne/.rvm/gems/ruby-2.2.5/gems/actionpack-5.0.1/lib/action_dispatch/middleware/templates/rescues/routing_error.html.erb within rescues/layout (77.6ms)
Started GET "/signin" for ::1 at 2017-02-22 20:44:32 -0600
  
ActionController::RoutingError (No route matches [GET] "/signin"):
  
actionpack (5.0.1) lib/action_dispatch/middleware/debug_exceptions.rb:53:in `call'
web-console (3.4.0) lib/web_console/middleware.rb:135:in `call_app'
web-console (3.4.0) lib/web_console/middleware.rb:28:in `block in call'
web-console (3.4.0) lib/web_console/middleware.rb:18:in `catch'
web-console (3.4.0) lib/web_console/middleware.rb:18:in `call'
actionpack (5.0.1) lib/action_dispatch/middleware/show_exceptions.rb:31:in `call'
railties (5.0.1) lib/rails/rack/logger.rb:36:in `call_app'
railties (5.0.1) lib/rails/rack/logger.rb:24:in `block in call'
activesupport (5.0.1) lib/active_support/tagged_logging.rb:69:in `block in tagged'
activesupport (5.0.1) lib/active_support/tagged_logging.rb:26:in `tagged'
activesupport (5.0.1) lib/active_support/tagged_logging.rb:69:in `tagged'
railties (5.0.1) lib/rails/rack/logger.rb:24:in `call'
sprockets-rails (3.2.0) lib/sprockets/rails/quiet_assets.rb:13:in `call'
actionpack (5.0.1) lib/action_dispatch/middleware/request_id.rb:24:in `call'
rack (2.0.1) lib/rack/method_override.rb:22:in `call'
rack (2.0.1) lib/rack/runtime.rb:22:in `call'
activesupport (5.0.1) lib/active_support/cache/strategy/local_cache_middleware.rb:28:in `call'
actionpack (5.0.1) lib/action_dispatch/middleware/executor.rb:12:in `call'
actionpack (5.0.1) lib/action_dispatch/middleware/static.rb:136:in `call'
rack (2.0.1) lib/rack/sendfile.rb:111:in `call'
railties (5.0.1) lib/rails/engine.rb:522:in `call'
puma (3.7.1) lib/puma/configuration.rb:232:in `call'
puma (3.7.1) lib/puma/server.rb:578:in `handle_request'
puma (3.7.1) lib/puma/server.rb:415:in `process_client'
puma (3.7.1) lib/puma/server.rb:275:in `block in run'
puma (3.7.1) lib/puma/thread_pool.rb:120:in `call'
puma (3.7.1) lib/puma/thread_pool.rb:120:in `block in spawn_thread'
  Rendering /Users/morganosborne/.rvm/gems/ruby-2.2.5/gems/actionpack-5.0.1/lib/action_dispatch/middleware/templates/rescues/routing_error.html.erb within rescues/layout
  Rendering /Users/morganosborne/.rvm/gems/ruby-2.2.5/gems/actionpack-5.0.1/lib/action_dispatch/middleware/templates/rescues/_trace.html.erb
  Rendered /Users/morganosborne/.rvm/gems/ruby-2.2.5/gems/actionpack-5.0.1/lib/action_dispatch/middleware/templates/rescues/_trace.html.erb (2.6ms)
  Rendered collection of /Users/morganosborne/.rvm/gems/ruby-2.2.5/gems/actionpack-5.0.1/lib/action_dispatch/middleware/templates/routes/_route.html.erb [16 times] (4.6ms)
  Rendered /Users/morganosborne/.rvm/gems/ruby-2.2.5/gems/actionpack-5.0.1/lib/action_dispatch/middleware/templates/routes/_table.html.erb (1.3ms)
  Rendering /Users/morganosborne/.rvm/gems/ruby-2.2.5/gems/actionpack-5.0.1/lib/action_dispatch/middleware/templates/rescues/_request_and_response.html.erb
  Rendered /Users/morganosborne/.rvm/gems/ruby-2.2.5/gems/actionpack-5.0.1/lib/action_dispatch/middleware/templates/rescues/_request_and_response.html.erb (0.9ms)
  Rendered /Users/morganosborne/.rvm/gems/ruby-2.2.5/gems/actionpack-5.0.1/lib/action_dispatch/middleware/templates/rescues/routing_error.html.erb within rescues/layout (85.0ms)
Started GET "/signup" for ::1 at 2017-02-22 20:44:35 -0600
  
ActionController::RoutingError (No route matches [GET] "/signup"):
  
actionpack (5.0.1) lib/action_dispatch/middleware/debug_exceptions.rb:53:in `call'
web-console (3.4.0) lib/web_console/middleware.rb:135:in `call_app'
web-console (3.4.0) lib/web_console/middleware.rb:28:in `block in call'
web-console (3.4.0) lib/web_console/middleware.rb:18:in `catch'
web-console (3.4.0) lib/web_console/middleware.rb:18:in `call'
actionpack (5.0.1) lib/action_dispatch/middleware/show_exceptions.rb:31:in `call'
railties (5.0.1) lib/rails/rack/logger.rb:36:in `call_app'
railties (5.0.1) lib/rails/rack/logger.rb:24:in `block in call'
activesupport (5.0.1) lib/active_support/tagged_logging.rb:69:in `block in tagged'
activesupport (5.0.1) lib/active_support/tagged_logging.rb:26:in `tagged'
activesupport (5.0.1) lib/active_support/tagged_logging.rb:69:in `tagged'
railties (5.0.1) lib/rails/rack/logger.rb:24:in `call'
sprockets-rails (3.2.0) lib/sprockets/rails/quiet_assets.rb:13:in `call'
actionpack (5.0.1) lib/action_dispatch/middleware/request_id.rb:24:in `call'
rack (2.0.1) lib/rack/method_override.rb:22:in `call'
rack (2.0.1) lib/rack/runtime.rb:22:in `call'
activesupport (5.0.1) lib/active_support/cache/strategy/local_cache_middleware.rb:28:in `call'
actionpack (5.0.1) lib/action_dispatch/middleware/executor.rb:12:in `call'
actionpack (5.0.1) lib/action_dispatch/middleware/static.rb:136:in `call'
rack (2.0.1) lib/rack/sendfile.rb:111:in `call'
railties (5.0.1) lib/rails/engine.rb:522:in `call'
puma (3.7.1) lib/puma/configuration.rb:232:in `call'
puma (3.7.1) lib/puma/server.rb:578:in `handle_request'
puma (3.7.1) lib/puma/server.rb:415:in `process_client'
puma (3.7.1) lib/puma/server.rb:275:in `block in run'
puma (3.7.1) lib/puma/thread_pool.rb:120:in `call'
puma (3.7.1) lib/puma/thread_pool.rb:120:in `block in spawn_thread'
  Rendering /Users/morganosborne/.rvm/gems/ruby-2.2.5/gems/actionpack-5.0.1/lib/action_dispatch/middleware/templates/rescues/routing_error.html.erb within rescues/layout
  Rendering /Users/morganosborne/.rvm/gems/ruby-2.2.5/gems/actionpack-5.0.1/lib/action_dispatch/middleware/templates/rescues/_trace.html.erb
  Rendered /Users/morganosborne/.rvm/gems/ruby-2.2.5/gems/actionpack-5.0.1/lib/action_dispatch/middleware/templates/rescues/_trace.html.erb (1.6ms)
  Rendered collection of /Users/morganosborne/.rvm/gems/ruby-2.2.5/gems/actionpack-5.0.1/lib/action_dispatch/middleware/templates/routes/_route.html.erb [16 times] (4.5ms)
  Rendered /Users/morganosborne/.rvm/gems/ruby-2.2.5/gems/actionpack-5.0.1/lib/action_dispatch/middleware/templates/routes/_table.html.erb (1.3ms)
  Rendering /Users/morganosborne/.rvm/gems/ruby-2.2.5/gems/actionpack-5.0.1/lib/action_dispatch/middleware/templates/rescues/_request_and_response.html.erb
  Rendered /Users/morganosborne/.rvm/gems/ruby-2.2.5/gems/actionpack-5.0.1/lib/action_dispatch/middleware/templates/rescues/_request_and_response.html.erb (0.9ms)
  Rendered /Users/morganosborne/.rvm/gems/ruby-2.2.5/gems/actionpack-5.0.1/lib/action_dispatch/middleware/templates/rescues/routing_error.html.erb within rescues/layout (83.7ms)
Started GET "/s" for ::1 at 2017-02-22 20:45:31 -0600
  
ActionController::RoutingError (No route matches [GET] "/s"):
  
actionpack (5.0.1) lib/action_dispatch/middleware/debug_exceptions.rb:53:in `call'
web-console (3.4.0) lib/web_console/middleware.rb:135:in `call_app'
web-console (3.4.0) lib/web_console/middleware.rb:28:in `block in call'
web-console (3.4.0) lib/web_console/middleware.rb:18:in `catch'
web-console (3.4.0) lib/web_console/middleware.rb:18:in `call'
actionpack (5.0.1) lib/action_dispatch/middleware/show_exceptions.rb:31:in `call'
railties (5.0.1) lib/rails/rack/logger.rb:36:in `call_app'
railties (5.0.1) lib/rails/rack/logger.rb:24:in `block in call'
activesupport (5.0.1) lib/active_support/tagged_logging.rb:69:in `block in tagged'
activesupport (5.0.1) lib/active_support/tagged_logging.rb:26:in `tagged'
activesupport (5.0.1) lib/active_support/tagged_logging.rb:69:in `tagged'
railties (5.0.1) lib/rails/rack/logger.rb:24:in `call'
sprockets-rails (3.2.0) lib/sprockets/rails/quiet_assets.rb:13:in `call'
actionpack (5.0.1) lib/action_dispatch/middleware/request_id.rb:24:in `call'
rack (2.0.1) lib/rack/method_override.rb:22:in `call'
rack (2.0.1) lib/rack/runtime.rb:22:in `call'
activesupport (5.0.1) lib/active_support/cache/strategy/local_cache_middleware.rb:28:in `call'
actionpack (5.0.1) lib/action_dispatch/middleware/executor.rb:12:in `call'
actionpack (5.0.1) lib/action_dispatch/middleware/static.rb:136:in `call'
rack (2.0.1) lib/rack/sendfile.rb:111:in `call'
railties (5.0.1) lib/rails/engine.rb:522:in `call'
puma (3.7.1) lib/puma/configuration.rb:232:in `call'
puma (3.7.1) lib/puma/server.rb:578:in `handle_request'
puma (3.7.1) lib/puma/server.rb:415:in `process_client'
puma (3.7.1) lib/puma/server.rb:275:in `block in run'
puma (3.7.1) lib/puma/thread_pool.rb:120:in `call'
puma (3.7.1) lib/puma/thread_pool.rb:120:in `block in spawn_thread'
  Rendering /Users/morganosborne/.rvm/gems/ruby-2.2.5/gems/actionpack-5.0.1/lib/action_dispatch/middleware/templates/rescues/routing_error.html.erb within rescues/layout
  Rendering /Users/morganosborne/.rvm/gems/ruby-2.2.5/gems/actionpack-5.0.1/lib/action_dispatch/middleware/templates/rescues/_trace.html.erb
  Rendered /Users/morganosborne/.rvm/gems/ruby-2.2.5/gems/actionpack-5.0.1/lib/action_dispatch/middleware/templates/rescues/_trace.html.erb (1.5ms)
  Rendered collection of /Users/morganosborne/.rvm/gems/ruby-2.2.5/gems/actionpack-5.0.1/lib/action_dispatch/middleware/templates/routes/_route.html.erb [16 times] (4.9ms)
  Rendered /Users/morganosborne/.rvm/gems/ruby-2.2.5/gems/actionpack-5.0.1/lib/action_dispatch/middleware/templates/routes/_table.html.erb (1.1ms)
  Rendering /Users/morganosborne/.rvm/gems/ruby-2.2.5/gems/actionpack-5.0.1/lib/action_dispatch/middleware/templates/rescues/_request_and_response.html.erb
  Rendered /Users/morganosborne/.rvm/gems/ruby-2.2.5/gems/actionpack-5.0.1/lib/action_dispatch/middleware/templates/rescues/_request_and_response.html.erb (0.8ms)
  Rendered /Users/morganosborne/.rvm/gems/ruby-2.2.5/gems/actionpack-5.0.1/lib/action_dispatch/middleware/templates/rescues/routing_error.html.erb within rescues/layout (78.4ms)
Started GET "/" for ::1 at 2017-02-22 20:45:33 -0600
Processing by WelcomeController#home as HTML
  Rendering welcome/home.html.erb within layouts/application
  Rendered welcome/home.html.erb within layouts/application (0.3ms)
Completed 200 OK in 753ms (Views: 751.2ms | ActiveRecord: 0.0ms)


Started GET "/sign_in" for ::1 at 2017-02-22 20:45:56 -0600
  
ActionController::RoutingError (No route matches [GET] "/sign_in"):
  
actionpack (5.0.1) lib/action_dispatch/middleware/debug_exceptions.rb:53:in `call'
web-console (3.4.0) lib/web_console/middleware.rb:135:in `call_app'
web-console (3.4.0) lib/web_console/middleware.rb:28:in `block in call'
web-console (3.4.0) lib/web_console/middleware.rb:18:in `catch'
web-console (3.4.0) lib/web_console/middleware.rb:18:in `call'
actionpack (5.0.1) lib/action_dispatch/middleware/show_exceptions.rb:31:in `call'
railties (5.0.1) lib/rails/rack/logger.rb:36:in `call_app'
railties (5.0.1) lib/rails/rack/logger.rb:24:in `block in call'
activesupport (5.0.1) lib/active_support/tagged_logging.rb:69:in `block in tagged'
activesupport (5.0.1) lib/active_support/tagged_logging.rb:26:in `tagged'
activesupport (5.0.1) lib/active_support/tagged_logging.rb:69:in `tagged'
railties (5.0.1) lib/rails/rack/logger.rb:24:in `call'
sprockets-rails (3.2.0) lib/sprockets/rails/quiet_assets.rb:13:in `call'
actionpack (5.0.1) lib/action_dispatch/middleware/request_id.rb:24:in `call'
rack (2.0.1) lib/rack/method_override.rb:22:in `call'
rack (2.0.1) lib/rack/runtime.rb:22:in `call'
activesupport (5.0.1) lib/active_support/cache/strategy/local_cache_middleware.rb:28:in `call'
actionpack (5.0.1) lib/action_dispatch/middleware/executor.rb:12:in `call'
actionpack (5.0.1) lib/action_dispatch/middleware/static.rb:136:in `call'
rack (2.0.1) lib/rack/sendfile.rb:111:in `call'
railties (5.0.1) lib/rails/engine.rb:522:in `call'
puma (3.7.1) lib/puma/configuration.rb:232:in `call'
puma (3.7.1) lib/puma/server.rb:578:in `handle_request'
puma (3.7.1) lib/puma/server.rb:415:in `process_client'
puma (3.7.1) lib/puma/server.rb:275:in `block in run'
puma (3.7.1) lib/puma/thread_pool.rb:120:in `call'
puma (3.7.1) lib/puma/thread_pool.rb:120:in `block in spawn_thread'
  Rendering /Users/morganosborne/.rvm/gems/ruby-2.2.5/gems/actionpack-5.0.1/lib/action_dispatch/middleware/templates/rescues/routing_error.html.erb within rescues/layout
  Rendering /Users/morganosborne/.rvm/gems/ruby-2.2.5/gems/actionpack-5.0.1/lib/action_dispatch/middleware/templates/rescues/_trace.html.erb
  Rendered /Users/morganosborne/.rvm/gems/ruby-2.2.5/gems/actionpack-5.0.1/lib/action_dispatch/middleware/templates/rescues/_trace.html.erb (1.2ms)
  Rendered collection of /Users/morganosborne/.rvm/gems/ruby-2.2.5/gems/actionpack-5.0.1/lib/action_dispatch/middleware/templates/routes/_route.html.erb [16 times] (4.5ms)
  Rendered /Users/morganosborne/.rvm/gems/ruby-2.2.5/gems/actionpack-5.0.1/lib/action_dispatch/middleware/templates/routes/_table.html.erb (1.0ms)
  Rendering /Users/morganosborne/.rvm/gems/ruby-2.2.5/gems/actionpack-5.0.1/lib/action_dispatch/middleware/templates/rescues/_request_and_response.html.erb
  Rendered /Users/morganosborne/.rvm/gems/ruby-2.2.5/gems/actionpack-5.0.1/lib/action_dispatch/middleware/templates/rescues/_request_and_response.html.erb (1.0ms)
  Rendered /Users/morganosborne/.rvm/gems/ruby-2.2.5/gems/actionpack-5.0.1/lib/action_dispatch/middleware/templates/rescues/routing_error.html.erb within rescues/layout (78.3ms)
Started GET "/users/sign_in" for ::1 at 2017-02-22 20:46:05 -0600
Processing by Devise::SessionsController#new as HTML
  Rendering /Users/morganosborne/.rvm/gems/ruby-2.2.5/gems/devise-4.2.0/app/views/devise/sessions/new.html.erb within layouts/application
  Rendered /Users/morganosborne/.rvm/gems/ruby-2.2.5/gems/devise-4.2.0/app/views/devise/shared/_links.html.erb (1.1ms)
  Rendered /Users/morganosborne/.rvm/gems/ruby-2.2.5/gems/devise-4.2.0/app/views/devise/sessions/new.html.erb within layouts/application (23.4ms)
Completed 200 OK in 59ms (Views: 41.5ms | ActiveRecord: 1.1ms)


Started GET "/users/sign_up" for ::1 at 2017-02-22 20:46:07 -0600
Processing by Devise::RegistrationsController#new as HTML
  Rendering /Users/morganosborne/.rvm/gems/ruby-2.2.5/gems/devise-4.2.0/app/views/devise/registrations/new.html.erb within layouts/application
  Rendered /Users/morganosborne/.rvm/gems/ruby-2.2.5/gems/devise-4.2.0/app/views/devise/shared/_links.html.erb (27.9ms)
  Rendered /Users/morganosborne/.rvm/gems/ruby-2.2.5/gems/devise-4.2.0/app/views/devise/registrations/new.html.erb within layouts/application (32.7ms)
Completed 200 OK in 56ms (Views: 54.6ms | ActiveRecord: 0.0ms)


Started GET "/users/sign_in" for ::1 at 2017-02-22 20:46:09 -0600
Processing by Devise::SessionsController#new as HTML
  Rendering /Users/morganosborne/.rvm/gems/ruby-2.2.5/gems/devise-4.2.0/app/views/devise/sessions/new.html.erb within layouts/application
  Rendered /Users/morganosborne/.rvm/gems/ruby-2.2.5/gems/devise-4.2.0/app/views/devise/shared/_links.html.erb (1.7ms)
  Rendered /Users/morganosborne/.rvm/gems/ruby-2.2.5/gems/devise-4.2.0/app/views/devise/sessions/new.html.erb within layouts/application (8.8ms)
Completed 200 OK in 43ms (Views: 41.8ms | ActiveRecord: 0.0ms)


Started GET "/users/password/new" for ::1 at 2017-02-22 20:46:10 -0600
Processing by Devise::PasswordsController#new as HTML
  Rendering /Users/morganosborne/.rvm/gems/ruby-2.2.5/gems/devise-4.2.0/app/views/devise/passwords/new.html.erb within layouts/application
  Rendered /Users/morganosborne/.rvm/gems/ruby-2.2.5/gems/devise-4.2.0/app/views/devise/shared/_links.html.erb (1.4ms)
  Rendered /Users/morganosborne/.rvm/gems/ruby-2.2.5/gems/devise-4.2.0/app/views/devise/passwords/new.html.erb within layouts/application (6.2ms)
Completed 200 OK in 35ms (Views: 30.8ms | ActiveRecord: 0.0ms)


  [1m[36mActiveRecord::SchemaMigration Load (0.1ms)[0m  [1m[34mSELECT "schema_migrations".* FROM "schema_migrations"[0m
Migrating to CreateEntries (20170223024738)
  [1m[35m (0.0ms)[0m  [1m[36mbegin transaction[0m
  [1m[35m (0.4ms)[0m  [1m[35mCREATE TABLE "entries" ("id" INTEGER PRIMARY KEY AUTOINCREMENT NOT NULL, "user_id" integer, "title" varchar, "content" text, "created_at" datetime NOT NULL, "updated_at" datetime NOT NULL)[0m
  [1m[35mSQL (0.1ms)[0m  [1m[32mINSERT INTO "schema_migrations" ("version") VALUES (?)[0m  [["version", "20170223024738"]]
  [1m[35m (6.9ms)[0m  [1m[36mcommit transaction[0m
Migrating to CreateFollowings (20170223024924)
  [1m[35m (0.1ms)[0m  [1m[36mbegin transaction[0m
  [1m[35m (0.3ms)[0m  [1m[35mCREATE TABLE "followings" ("id" INTEGER PRIMARY KEY AUTOINCREMENT NOT NULL, "user_id" integer, "follower_id" integer, "created_at" datetime NOT NULL, "updated_at" datetime NOT NULL)[0m
  [1m[35mSQL (0.1ms)[0m  [1m[32mINSERT INTO "schema_migrations" ("version") VALUES (?)[0m  [["version", "20170223024924"]]
  [1m[35m (0.7ms)[0m  [1m[36mcommit transaction[0m
  [1m[36mActiveRecord::InternalMetadata Load (0.1ms)[0m  [1m[34mSELECT  "ar_internal_metadata".* FROM "ar_internal_metadata" WHERE "ar_internal_metadata"."key" = ? LIMIT ?[0m  [["key", :environment], ["LIMIT", 1]]
  [1m[35m (0.1ms)[0m  [1m[36mbegin transaction[0m
  [1m[35m (0.0ms)[0m  [1m[36mcommit transaction[0m
  [1m[36mActiveRecord::SchemaMigration Load (0.1ms)[0m  [1m[34mSELECT "schema_migrations".* FROM "schema_migrations"[0m
  [1m[35m (0.1ms)[0m  [1m[34m            SELECT sql
            FROM sqlite_master
            WHERE name='index_users_on_reset_password_token' AND type='index'
            UNION ALL
            SELECT sql
            FROM sqlite_temp_master
            WHERE name='index_users_on_reset_password_token' AND type='index'
[0m
  [1m[35m (0.1ms)[0m  [1m[34m            SELECT sql
            FROM sqlite_master
            WHERE name='index_users_on_email' AND type='index'
            UNION ALL
            SELECT sql
            FROM sqlite_temp_master
            WHERE name='index_users_on_email' AND type='index'
[0m
Started GET "/" for ::1 at 2017-02-22 20:56:16 -0600
  [1m[36mActiveRecord::SchemaMigration Load (0.2ms)[0m  [1m[34mSELECT "schema_migrations".* FROM "schema_migrations"[0m
Processing by WelcomeController#home as HTML
  Rendering welcome/home.html.erb within layouts/application
  Rendered welcome/home.html.erb within layouts/application (1.9ms)
Completed 200 OK in 448ms (Views: 436.6ms | ActiveRecord: 0.0ms)


Started GET "/" for ::1 at 2017-02-22 20:56:23 -0600
Processing by WelcomeController#home as HTML
  Rendering welcome/home.html.erb within layouts/application
  Rendered welcome/home.html.erb within layouts/application (0.5ms)
Completed 200 OK in 22ms (Views: 19.4ms | ActiveRecord: 0.0ms)


Started GET "/" for ::1 at 2017-02-22 21:38:38 -0600
  [1m[36mActiveRecord::SchemaMigration Load (0.2ms)[0m  [1m[34mSELECT "schema_migrations".* FROM "schema_migrations"[0m
Processing by WelcomeController#home as HTML
  Rendering welcome/home.html.erb within layouts/application
  Rendered welcome/home.html.erb within layouts/application (1.6ms)
Completed 200 OK in 261ms (Views: 250.8ms | ActiveRecord: 0.0ms)


Started GET "/entries/new" for ::1 at 2017-02-22 21:38:44 -0600
Processing by EntriesController#new as HTML
  Rendering entries/new.html.erb within layouts/application
  Rendered entries/_form.html.erb (14.5ms)
  Rendered entries/new.html.erb within layouts/application (16.5ms)
Completed 200 OK in 48ms (Views: 36.7ms | ActiveRecord: 0.5ms)


Started POST "/entries" for ::1 at 2017-02-22 21:39:04 -0600
Processing by EntriesController#create as HTML
  Parameters: {"utf8"=>"✓", "authenticity_token"=>"0Zf4SxLE7yoIqOhH1BA0xvwPEVQk/OPATqQupFl2/0qUf/vpA5CaYhqp5J/6WZZi+X0A3ksWHgTxxvcRhhEk1w==", "entry"=>{"title"=>"This is a title!", "content"=>"This is the content for my first journal entry"}, "commit"=>"Create New Journal Entry"}
Completed 500 Internal Server Error in 5ms (ActiveRecord: 0.0ms)


  
NoMethodError (undefined method `id' for nil:NilClass):
  
app/controllers/entries_controller.rb:20:in `create'
  Rendering /Users/morganosborne/.rvm/gems/ruby-2.2.5/gems/actionpack-5.0.1/lib/action_dispatch/middleware/templates/rescues/diagnostics.html.erb within rescues/layout
  Rendering /Users/morganosborne/.rvm/gems/ruby-2.2.5/gems/actionpack-5.0.1/lib/action_dispatch/middleware/templates/rescues/_source.html.erb
  Rendered /Users/morganosborne/.rvm/gems/ruby-2.2.5/gems/actionpack-5.0.1/lib/action_dispatch/middleware/templates/rescues/_source.html.erb (3.8ms)
  Rendering /Users/morganosborne/.rvm/gems/ruby-2.2.5/gems/actionpack-5.0.1/lib/action_dispatch/middleware/templates/rescues/_trace.html.erb
  Rendered /Users/morganosborne/.rvm/gems/ruby-2.2.5/gems/actionpack-5.0.1/lib/action_dispatch/middleware/templates/rescues/_trace.html.erb (2.2ms)
  Rendering /Users/morganosborne/.rvm/gems/ruby-2.2.5/gems/actionpack-5.0.1/lib/action_dispatch/middleware/templates/rescues/_request_and_response.html.erb
  Rendered /Users/morganosborne/.rvm/gems/ruby-2.2.5/gems/actionpack-5.0.1/lib/action_dispatch/middleware/templates/rescues/_request_and_response.html.erb (1.2ms)
  Rendered /Users/morganosborne/.rvm/gems/ruby-2.2.5/gems/actionpack-5.0.1/lib/action_dispatch/middleware/templates/rescues/diagnostics.html.erb within rescues/layout (56.5ms)
Started GET "/users/sign_in" for ::1 at 2017-02-22 21:39:22 -0600
Processing by Devise::SessionsController#new as HTML
  Rendering /Users/morganosborne/.rvm/gems/ruby-2.2.5/gems/devise-4.2.0/app/views/devise/sessions/new.html.erb within layouts/application
  Rendered /Users/morganosborne/.rvm/gems/ruby-2.2.5/gems/devise-4.2.0/app/views/devise/shared/_links.html.erb (1.5ms)
  Rendered /Users/morganosborne/.rvm/gems/ruby-2.2.5/gems/devise-4.2.0/app/views/devise/sessions/new.html.erb within layouts/application (12.1ms)
Completed 200 OK in 72ms (Views: 38.2ms | ActiveRecord: 0.4ms)


Started GET "/users/sign_up" for ::1 at 2017-02-22 21:39:25 -0600
Processing by Devise::RegistrationsController#new as HTML
  Rendering /Users/morganosborne/.rvm/gems/ruby-2.2.5/gems/devise-4.2.0/app/views/devise/registrations/new.html.erb within layouts/application
  Rendered /Users/morganosborne/.rvm/gems/ruby-2.2.5/gems/devise-4.2.0/app/views/devise/shared/_links.html.erb (1.3ms)
  Rendered /Users/morganosborne/.rvm/gems/ruby-2.2.5/gems/devise-4.2.0/app/views/devise/registrations/new.html.erb within layouts/application (6.6ms)
Completed 200 OK in 34ms (Views: 32.5ms | ActiveRecord: 0.0ms)


Started POST "/users" for ::1 at 2017-02-22 21:39:43 -0600
Processing by Devise::RegistrationsController#create as HTML
  Parameters: {"utf8"=>"✓", "authenticity_token"=>"zl6MRfqvOG1VYcfdKhZkbghG5mA7Jh4XMZ229nlcwb06TcxErc5M++RvRQsjyppkdFbae1WFMMgaCeLRU03xfg==", "user"=>{"email"=>"example@email.com", "password"=>"[FILTERED]", "password_confirmation"=>"[FILTERED]"}, "commit"=>"Sign up"}
  [1m[35m (0.1ms)[0m  [1m[36mbegin transaction[0m
  [1m[36mUser Exists (0.2ms)[0m  [1m[34mSELECT  1 AS one FROM "users" WHERE "users"."email" = ? LIMIT ?[0m  [["email", "example@email.com"], ["LIMIT", 1]]
  [1m[35mSQL (0.4ms)[0m  [1m[32mINSERT INTO "users" ("email", "encrypted_password", "created_at", "updated_at") VALUES (?, ?, ?, ?)[0m  [["email", "example@email.com"], ["encrypted_password", "$2a$11$7881jGmLC9tSN/VKeabSeOfz1PlxZmnhlGZyoALfGVFAjYnJqD0Oa"], ["created_at", 2017-02-23 03:39:43 UTC], ["updated_at", 2017-02-23 03:39:43 UTC]]
  [1m[35m (0.8ms)[0m  [1m[36mcommit transaction[0m
  [1m[35m (0.1ms)[0m  [1m[36mbegin transaction[0m
  [1m[35mSQL (0.3ms)[0m  [1m[33mUPDATE "users" SET "sign_in_count" = ?, "current_sign_in_at" = ?, "last_sign_in_at" = ?, "current_sign_in_ip" = ?, "last_sign_in_ip" = ?, "updated_at" = ? WHERE "users"."id" = ?[0m  [["sign_in_count", 1], ["current_sign_in_at", 2017-02-23 03:39:43 UTC], ["last_sign_in_at", 2017-02-23 03:39:43 UTC], ["current_sign_in_ip", "::1"], ["last_sign_in_ip", "::1"], ["updated_at", 2017-02-23 03:39:43 UTC], ["id", 1]]
  [1m[35m (0.7ms)[0m  [1m[36mcommit transaction[0m
Redirected to http://localhost:3000/
Completed 302 Found in 173ms (ActiveRecord: 2.4ms)


Started GET "/" for ::1 at 2017-02-22 21:39:43 -0600
Processing by WelcomeController#home as HTML
  Rendering welcome/home.html.erb within layouts/application
  Rendered welcome/home.html.erb within layouts/application (0.4ms)
Completed 200 OK in 29ms (Views: 27.2ms | ActiveRecord: 0.0ms)


Started GET "/entries/new" for ::1 at 2017-02-22 21:39:55 -0600
Processing by EntriesController#new as HTML
  Rendering entries/new.html.erb within layouts/application
  Rendered entries/_form.html.erb (3.0ms)
  Rendered entries/new.html.erb within layouts/application (4.9ms)
Completed 200 OK in 36ms (Views: 33.9ms | ActiveRecord: 0.0ms)


Started POST "/entries" for ::1 at 2017-02-22 21:40:09 -0600
Processing by EntriesController#create as HTML
  Parameters: {"utf8"=>"✓", "authenticity_token"=>"pk3XynfklxeZABzhvBLdqR+Vlzjr+PBTUd+GBwJWcSDjpdRoZrDiX4sBEDmSW38NGueGsoQSDZfuvV+y3TGqvQ==", "entry"=>{"title"=>"This is a title!", "content"=>"This is some content..."}, "commit"=>"Create New Journal Entry"}
  [1m[36mUser Load (0.2ms)[0m  [1m[34mSELECT  "users".* FROM "users" WHERE "users"."id" = ? ORDER BY "users"."id" ASC LIMIT ?[0m  [["id", 1], ["LIMIT", 1]]
  [1m[35m (0.0ms)[0m  [1m[36mbegin transaction[0m
  [1m[36mUser Load (0.2ms)[0m  [1m[34mSELECT  "users".* FROM "users" WHERE "users"."id" = ? LIMIT ?[0m  [["id", 1], ["LIMIT", 1]]
  [1m[35mSQL (0.2ms)[0m  [1m[32mINSERT INTO "entries" ("user_id", "title", "content", "created_at", "updated_at") VALUES (?, ?, ?, ?, ?)[0m  [["user_id", 1], ["title", "This is a title!"], ["content", "This is some content..."], ["created_at", 2017-02-23 03:40:09 UTC], ["updated_at", 2017-02-23 03:40:09 UTC]]
  [1m[35m (0.7ms)[0m  [1m[36mcommit transaction[0m
  [1m[35m (0.0ms)[0m  [1m[36mbegin transaction[0m
  [1m[35m (0.0ms)[0m  [1m[36mcommit transaction[0m
Redirected to http://localhost:3000/entries/1
Completed 302 Found in 20ms (ActiveRecord: 1.4ms)


Started GET "/entries/1" for ::1 at 2017-02-22 21:40:09 -0600
Processing by EntriesController#show as HTML
  Parameters: {"id"=>"1"}
  [1m[36mEntry Load (0.2ms)[0m  [1m[34mSELECT  "entries".* FROM "entries" WHERE "entries"."id" = ? LIMIT ?[0m  [["id", 1], ["LIMIT", 1]]
  Rendering entries/show.html.erb within layouts/application
  Rendered entries/show.html.erb within layouts/application (0.7ms)
Completed 200 OK in 33ms (Views: 29.7ms | ActiveRecord: 0.2ms)


Started GET "/entries/" for ::1 at 2017-02-22 21:40:12 -0600
Processing by EntriesController#index as HTML
  [1m[36mUser Load (0.2ms)[0m  [1m[34mSELECT  "users".* FROM "users" WHERE "users"."id" = ? ORDER BY "users"."id" ASC LIMIT ?[0m  [["id", 1], ["LIMIT", 1]]
  Rendering entries/index.html.erb within layouts/application
  [1m[36mEntry Load (0.2ms)[0m  [1m[34mSELECT "entries".* FROM "entries" WHERE "entries"."user_id" = ?[0m  [["user_id", 1]]
  Rendered entries/index.html.erb within layouts/application (4.9ms)
Completed 500 Internal Server Error in 23ms (ActiveRecord: 0.3ms)


  
ActionView::Template::Error (undefined method `title' for nil:NilClass):
    3: <ul>
    4:   <%= @entries.each do |entry| %>
    5:     <li>
    6:       <%= @entry.title %><br>
    7:       <%= @entry.content %><br>
    8:       <br>
    9:     </li>
  
app/views/entries/index.html.erb:6:in `block in _app_views_entries_index_html_erb__2973498413525168247_70190614091900'
app/views/entries/index.html.erb:4:in `_app_views_entries_index_html_erb__2973498413525168247_70190614091900'
  Rendering /Users/morganosborne/.rvm/gems/ruby-2.2.5/gems/actionpack-5.0.1/lib/action_dispatch/middleware/templates/rescues/template_error.html.erb within rescues/layout
  Rendering /Users/morganosborne/.rvm/gems/ruby-2.2.5/gems/actionpack-5.0.1/lib/action_dispatch/middleware/templates/rescues/_source.html.erb
  Rendered /Users/morganosborne/.rvm/gems/ruby-2.2.5/gems/actionpack-5.0.1/lib/action_dispatch/middleware/templates/rescues/_source.html.erb (5.0ms)
  Rendering /Users/morganosborne/.rvm/gems/ruby-2.2.5/gems/actionpack-5.0.1/lib/action_dispatch/middleware/templates/rescues/_trace.html.erb
  Rendered /Users/morganosborne/.rvm/gems/ruby-2.2.5/gems/actionpack-5.0.1/lib/action_dispatch/middleware/templates/rescues/_trace.html.erb (3.2ms)
  Rendering /Users/morganosborne/.rvm/gems/ruby-2.2.5/gems/actionpack-5.0.1/lib/action_dispatch/middleware/templates/rescues/_request_and_response.html.erb
  Rendered /Users/morganosborne/.rvm/gems/ruby-2.2.5/gems/actionpack-5.0.1/lib/action_dispatch/middleware/templates/rescues/_request_and_response.html.erb (0.7ms)
  Rendered /Users/morganosborne/.rvm/gems/ruby-2.2.5/gems/actionpack-5.0.1/lib/action_dispatch/middleware/templates/rescues/template_error.html.erb within rescues/layout (57.8ms)
Started GET "/entries/" for ::1 at 2017-02-22 21:40:22 -0600
Processing by EntriesController#index as HTML
  [1m[36mUser Load (0.2ms)[0m  [1m[34mSELECT  "users".* FROM "users" WHERE "users"."id" = ? ORDER BY "users"."id" ASC LIMIT ?[0m  [["id", 1], ["LIMIT", 1]]
  Rendering entries/index.html.erb within layouts/application
  [1m[36mEntry Load (0.1ms)[0m  [1m[34mSELECT "entries".* FROM "entries" WHERE "entries"."user_id" = ?[0m  [["user_id", 1]]
  Rendered entries/index.html.erb within layouts/application (1.7ms)
Completed 200 OK in 25ms (Views: 21.8ms | ActiveRecord: 0.3ms)


Started GET "/entries/" for ::1 at 2017-02-22 21:40:27 -0600
Processing by EntriesController#index as HTML
  [1m[36mUser Load (0.2ms)[0m  [1m[34mSELECT  "users".* FROM "users" WHERE "users"."id" = ? ORDER BY "users"."id" ASC LIMIT ?[0m  [["id", 1], ["LIMIT", 1]]
  Rendering entries/index.html.erb within layouts/application
  [1m[36mEntry Load (0.1ms)[0m  [1m[34mSELECT "entries".* FROM "entries" WHERE "entries"."user_id" = ?[0m  [["user_id", 1]]
  Rendered entries/index.html.erb within layouts/application (1.2ms)
Completed 200 OK in 24ms (Views: 21.1ms | ActiveRecord: 0.2ms)


Started GET "/users/sign_up" for ::1 at 2017-02-22 21:47:44 -0600
  [1m[36mActiveRecord::SchemaMigration Load (0.1ms)[0m  [1m[34mSELECT "schema_migrations".* FROM "schema_migrations"[0m
Processing by Devise::RegistrationsController#new as HTML
  [1m[36mUser Load (0.2ms)[0m  [1m[34mSELECT  "users".* FROM "users" WHERE "users"."id" = ? ORDER BY "users"."id" ASC LIMIT ?[0m  [["id", 1], ["LIMIT", 1]]
Redirected to http://localhost:3000/
Filter chain halted as :require_no_authentication rendered or redirected
Completed 302 Found in 35ms (ActiveRecord: 0.7ms)


Started GET "/" for ::1 at 2017-02-22 21:47:44 -0600
Processing by WelcomeController#home as HTML
  Rendering welcome/home.html.erb within layouts/application
  Rendered welcome/home.html.erb within layouts/application (1.3ms)
Completed 200 OK in 244ms (Views: 242.5ms | ActiveRecord: 0.0ms)


Started GET "/sign_out" for ::1 at 2017-02-22 21:47:50 -0600
  
ActionController::RoutingError (No route matches [GET] "/sign_out"):
  
actionpack (5.0.1) lib/action_dispatch/middleware/debug_exceptions.rb:53:in `call'
web-console (3.4.0) lib/web_console/middleware.rb:135:in `call_app'
web-console (3.4.0) lib/web_console/middleware.rb:28:in `block in call'
web-console (3.4.0) lib/web_console/middleware.rb:18:in `catch'
web-console (3.4.0) lib/web_console/middleware.rb:18:in `call'
actionpack (5.0.1) lib/action_dispatch/middleware/show_exceptions.rb:31:in `call'
railties (5.0.1) lib/rails/rack/logger.rb:36:in `call_app'
railties (5.0.1) lib/rails/rack/logger.rb:24:in `block in call'
activesupport (5.0.1) lib/active_support/tagged_logging.rb:69:in `block in tagged'
activesupport (5.0.1) lib/active_support/tagged_logging.rb:26:in `tagged'
activesupport (5.0.1) lib/active_support/tagged_logging.rb:69:in `tagged'
railties (5.0.1) lib/rails/rack/logger.rb:24:in `call'
sprockets-rails (3.2.0) lib/sprockets/rails/quiet_assets.rb:13:in `call'
actionpack (5.0.1) lib/action_dispatch/middleware/request_id.rb:24:in `call'
rack (2.0.1) lib/rack/method_override.rb:22:in `call'
rack (2.0.1) lib/rack/runtime.rb:22:in `call'
activesupport (5.0.1) lib/active_support/cache/strategy/local_cache_middleware.rb:28:in `call'
actionpack (5.0.1) lib/action_dispatch/middleware/executor.rb:12:in `call'
actionpack (5.0.1) lib/action_dispatch/middleware/static.rb:136:in `call'
rack (2.0.1) lib/rack/sendfile.rb:111:in `call'
railties (5.0.1) lib/rails/engine.rb:522:in `call'
puma (3.7.1) lib/puma/configuration.rb:232:in `call'
puma (3.7.1) lib/puma/server.rb:578:in `handle_request'
puma (3.7.1) lib/puma/server.rb:415:in `process_client'
puma (3.7.1) lib/puma/server.rb:275:in `block in run'
puma (3.7.1) lib/puma/thread_pool.rb:120:in `call'
puma (3.7.1) lib/puma/thread_pool.rb:120:in `block in spawn_thread'
  Rendering /Users/morganosborne/.rvm/gems/ruby-2.2.5/gems/actionpack-5.0.1/lib/action_dispatch/middleware/templates/rescues/routing_error.html.erb within rescues/layout
  Rendering /Users/morganosborne/.rvm/gems/ruby-2.2.5/gems/actionpack-5.0.1/lib/action_dispatch/middleware/templates/rescues/_trace.html.erb
  Rendered /Users/morganosborne/.rvm/gems/ruby-2.2.5/gems/actionpack-5.0.1/lib/action_dispatch/middleware/templates/rescues/_trace.html.erb (1.3ms)
  Rendered collection of /Users/morganosborne/.rvm/gems/ruby-2.2.5/gems/actionpack-5.0.1/lib/action_dispatch/middleware/templates/routes/_route.html.erb [24 times] (5.4ms)
  Rendered /Users/morganosborne/.rvm/gems/ruby-2.2.5/gems/actionpack-5.0.1/lib/action_dispatch/middleware/templates/routes/_table.html.erb (5.2ms)
  Rendering /Users/morganosborne/.rvm/gems/ruby-2.2.5/gems/actionpack-5.0.1/lib/action_dispatch/middleware/templates/rescues/_request_and_response.html.erb
  Rendered /Users/morganosborne/.rvm/gems/ruby-2.2.5/gems/actionpack-5.0.1/lib/action_dispatch/middleware/templates/rescues/_request_and_response.html.erb (0.9ms)
  Rendered /Users/morganosborne/.rvm/gems/ruby-2.2.5/gems/actionpack-5.0.1/lib/action_dispatch/middleware/templates/rescues/routing_error.html.erb within rescues/layout (87.4ms)
Started GET "/log_out" for ::1 at 2017-02-22 21:47:58 -0600
  
ActionController::RoutingError (No route matches [GET] "/log_out"):
  
actionpack (5.0.1) lib/action_dispatch/middleware/debug_exceptions.rb:53:in `call'
web-console (3.4.0) lib/web_console/middleware.rb:135:in `call_app'
web-console (3.4.0) lib/web_console/middleware.rb:28:in `block in call'
web-console (3.4.0) lib/web_console/middleware.rb:18:in `catch'
web-console (3.4.0) lib/web_console/middleware.rb:18:in `call'
actionpack (5.0.1) lib/action_dispatch/middleware/show_exceptions.rb:31:in `call'
railties (5.0.1) lib/rails/rack/logger.rb:36:in `call_app'
railties (5.0.1) lib/rails/rack/logger.rb:24:in `block in call'
activesupport (5.0.1) lib/active_support/tagged_logging.rb:69:in `block in tagged'
activesupport (5.0.1) lib/active_support/tagged_logging.rb:26:in `tagged'
activesupport (5.0.1) lib/active_support/tagged_logging.rb:69:in `tagged'
railties (5.0.1) lib/rails/rack/logger.rb:24:in `call'
sprockets-rails (3.2.0) lib/sprockets/rails/quiet_assets.rb:13:in `call'
actionpack (5.0.1) lib/action_dispatch/middleware/request_id.rb:24:in `call'
rack (2.0.1) lib/rack/method_override.rb:22:in `call'
rack (2.0.1) lib/rack/runtime.rb:22:in `call'
activesupport (5.0.1) lib/active_support/cache/strategy/local_cache_middleware.rb:28:in `call'
actionpack (5.0.1) lib/action_dispatch/middleware/executor.rb:12:in `call'
actionpack (5.0.1) lib/action_dispatch/middleware/static.rb:136:in `call'
rack (2.0.1) lib/rack/sendfile.rb:111:in `call'
railties (5.0.1) lib/rails/engine.rb:522:in `call'
puma (3.7.1) lib/puma/configuration.rb:232:in `call'
puma (3.7.1) lib/puma/server.rb:578:in `handle_request'
puma (3.7.1) lib/puma/server.rb:415:in `process_client'
puma (3.7.1) lib/puma/server.rb:275:in `block in run'
puma (3.7.1) lib/puma/thread_pool.rb:120:in `call'
puma (3.7.1) lib/puma/thread_pool.rb:120:in `block in spawn_thread'
  Rendering /Users/morganosborne/.rvm/gems/ruby-2.2.5/gems/actionpack-5.0.1/lib/action_dispatch/middleware/templates/rescues/routing_error.html.erb within rescues/layout
  Rendering /Users/morganosborne/.rvm/gems/ruby-2.2.5/gems/actionpack-5.0.1/lib/action_dispatch/middleware/templates/rescues/_trace.html.erb
  Rendered /Users/morganosborne/.rvm/gems/ruby-2.2.5/gems/actionpack-5.0.1/lib/action_dispatch/middleware/templates/rescues/_trace.html.erb (1.4ms)
  Rendered collection of /Users/morganosborne/.rvm/gems/ruby-2.2.5/gems/actionpack-5.0.1/lib/action_dispatch/middleware/templates/routes/_route.html.erb [24 times] (7.3ms)
  Rendered /Users/morganosborne/.rvm/gems/ruby-2.2.5/gems/actionpack-5.0.1/lib/action_dispatch/middleware/templates/routes/_table.html.erb (1.0ms)
  Rendering /Users/morganosborne/.rvm/gems/ruby-2.2.5/gems/actionpack-5.0.1/lib/action_dispatch/middleware/templates/rescues/_request_and_response.html.erb
  Rendered /Users/morganosborne/.rvm/gems/ruby-2.2.5/gems/actionpack-5.0.1/lib/action_dispatch/middleware/templates/rescues/_request_and_response.html.erb (0.9ms)
  Rendered /Users/morganosborne/.rvm/gems/ruby-2.2.5/gems/actionpack-5.0.1/lib/action_dispatch/middleware/templates/rescues/routing_error.html.erb within rescues/layout (86.5ms)
Started GET "/signout" for ::1 at 2017-02-22 21:48:03 -0600
  
ActionController::RoutingError (No route matches [GET] "/signout"):
  
actionpack (5.0.1) lib/action_dispatch/middleware/debug_exceptions.rb:53:in `call'
web-console (3.4.0) lib/web_console/middleware.rb:135:in `call_app'
web-console (3.4.0) lib/web_console/middleware.rb:28:in `block in call'
web-console (3.4.0) lib/web_console/middleware.rb:18:in `catch'
web-console (3.4.0) lib/web_console/middleware.rb:18:in `call'
actionpack (5.0.1) lib/action_dispatch/middleware/show_exceptions.rb:31:in `call'
railties (5.0.1) lib/rails/rack/logger.rb:36:in `call_app'
railties (5.0.1) lib/rails/rack/logger.rb:24:in `block in call'
activesupport (5.0.1) lib/active_support/tagged_logging.rb:69:in `block in tagged'
activesupport (5.0.1) lib/active_support/tagged_logging.rb:26:in `tagged'
activesupport (5.0.1) lib/active_support/tagged_logging.rb:69:in `tagged'
railties (5.0.1) lib/rails/rack/logger.rb:24:in `call'
sprockets-rails (3.2.0) lib/sprockets/rails/quiet_assets.rb:13:in `call'
actionpack (5.0.1) lib/action_dispatch/middleware/request_id.rb:24:in `call'
rack (2.0.1) lib/rack/method_override.rb:22:in `call'
rack (2.0.1) lib/rack/runtime.rb:22:in `call'
activesupport (5.0.1) lib/active_support/cache/strategy/local_cache_middleware.rb:28:in `call'
actionpack (5.0.1) lib/action_dispatch/middleware/executor.rb:12:in `call'
actionpack (5.0.1) lib/action_dispatch/middleware/static.rb:136:in `call'
rack (2.0.1) lib/rack/sendfile.rb:111:in `call'
railties (5.0.1) lib/rails/engine.rb:522:in `call'
puma (3.7.1) lib/puma/configuration.rb:232:in `call'
puma (3.7.1) lib/puma/server.rb:578:in `handle_request'
puma (3.7.1) lib/puma/server.rb:415:in `process_client'
puma (3.7.1) lib/puma/server.rb:275:in `block in run'
puma (3.7.1) lib/puma/thread_pool.rb:120:in `call'
puma (3.7.1) lib/puma/thread_pool.rb:120:in `block in spawn_thread'
  Rendering /Users/morganosborne/.rvm/gems/ruby-2.2.5/gems/actionpack-5.0.1/lib/action_dispatch/middleware/templates/rescues/routing_error.html.erb within rescues/layout
  Rendering /Users/morganosborne/.rvm/gems/ruby-2.2.5/gems/actionpack-5.0.1/lib/action_dispatch/middleware/templates/rescues/_trace.html.erb
  Rendered /Users/morganosborne/.rvm/gems/ruby-2.2.5/gems/actionpack-5.0.1/lib/action_dispatch/middleware/templates/rescues/_trace.html.erb (1.6ms)
  Rendered collection of /Users/morganosborne/.rvm/gems/ruby-2.2.5/gems/actionpack-5.0.1/lib/action_dispatch/middleware/templates/routes/_route.html.erb [24 times] (5.5ms)
  Rendered /Users/morganosborne/.rvm/gems/ruby-2.2.5/gems/actionpack-5.0.1/lib/action_dispatch/middleware/templates/routes/_table.html.erb (1.2ms)
  Rendering /Users/morganosborne/.rvm/gems/ruby-2.2.5/gems/actionpack-5.0.1/lib/action_dispatch/middleware/templates/rescues/_request_and_response.html.erb
  Rendered /Users/morganosborne/.rvm/gems/ruby-2.2.5/gems/actionpack-5.0.1/lib/action_dispatch/middleware/templates/rescues/_request_and_response.html.erb (0.9ms)
  Rendered /Users/morganosborne/.rvm/gems/ruby-2.2.5/gems/actionpack-5.0.1/lib/action_dispatch/middleware/templates/rescues/routing_error.html.erb within rescues/layout (84.3ms)
Started GET "/" for ::1 at 2017-02-22 21:49:27 -0600
Processing by WelcomeController#home as HTML
  Rendering welcome/home.html.erb within layouts/application
  Rendered welcome/home.html.erb within layouts/application (0.4ms)
Completed 500 Internal Server Error in 31ms (ActiveRecord: 0.0ms)


  
ActionView::Template::Error (Missing partial welcome/_header, application/_header with {:locale=>[:en], :formats=>[:html], :variants=>[], :handlers=>[:raw, :erb, :html, :builder, :ruby, :coffee, :jbuilder]}. Searched in:
  * "/Users/morganosborne/Development/code/venture/app/views"
  * "/Users/morganosborne/.rvm/gems/ruby-2.2.5/gems/devise-4.2.0/app/views"
):
    10: 
    11:   <body>
    12: 
    13:     <%= render 'header'%>
    14:     
    15:     <%= yield %>
    16:   </body>
  
app/views/layouts/application.html.erb:13:in `_app_views_layouts_application_html_erb___2160602770251451618_70165906996160'
  Rendering /Users/morganosborne/.rvm/gems/ruby-2.2.5/gems/actionpack-5.0.1/lib/action_dispatch/middleware/templates/rescues/template_error.html.erb within rescues/layout
  Rendering /Users/morganosborne/.rvm/gems/ruby-2.2.5/gems/actionpack-5.0.1/lib/action_dispatch/middleware/templates/rescues/_source.html.erb
  Rendered /Users/morganosborne/.rvm/gems/ruby-2.2.5/gems/actionpack-5.0.1/lib/action_dispatch/middleware/templates/rescues/_source.html.erb (4.5ms)
  Rendering /Users/morganosborne/.rvm/gems/ruby-2.2.5/gems/actionpack-5.0.1/lib/action_dispatch/middleware/templates/rescues/_trace.html.erb
  Rendered /Users/morganosborne/.rvm/gems/ruby-2.2.5/gems/actionpack-5.0.1/lib/action_dispatch/middleware/templates/rescues/_trace.html.erb (2.3ms)
  Rendering /Users/morganosborne/.rvm/gems/ruby-2.2.5/gems/actionpack-5.0.1/lib/action_dispatch/middleware/templates/rescues/_request_and_response.html.erb
  Rendered /Users/morganosborne/.rvm/gems/ruby-2.2.5/gems/actionpack-5.0.1/lib/action_dispatch/middleware/templates/rescues/_request_and_response.html.erb (0.8ms)
  Rendered /Users/morganosborne/.rvm/gems/ruby-2.2.5/gems/actionpack-5.0.1/lib/action_dispatch/middleware/templates/rescues/template_error.html.erb within rescues/layout (56.3ms)
Started GET "/" for ::1 at 2017-02-22 21:49:49 -0600
Processing by WelcomeController#home as HTML
  Rendering welcome/home.html.erb within layouts/application
  Rendered welcome/home.html.erb within layouts/application (0.5ms)
Completed 500 Internal Server Error in 24ms (ActiveRecord: 0.0ms)


  
ActionView::Template::Error (Missing partial layout/_header with {:locale=>[:en], :formats=>[:html], :variants=>[], :handlers=>[:raw, :erb, :html, :builder, :ruby, :coffee, :jbuilder]}. Searched in:
  * "/Users/morganosborne/Development/code/venture/app/views"
  * "/Users/morganosborne/.rvm/gems/ruby-2.2.5/gems/devise-4.2.0/app/views"
):
    10: 
    11:   <body>
    12: 
    13:     <%= render 'layout/header'%>
    14: 
    15:     <%= yield %>
    16:   </body>
  
app/views/layouts/application.html.erb:13:in `_app_views_layouts_application_html_erb___2160602770251451618_70165956251740'
  Rendering /Users/morganosborne/.rvm/gems/ruby-2.2.5/gems/actionpack-5.0.1/lib/action_dispatch/middleware/templates/rescues/template_error.html.erb within rescues/layout
  Rendering /Users/morganosborne/.rvm/gems/ruby-2.2.5/gems/actionpack-5.0.1/lib/action_dispatch/middleware/templates/rescues/_source.html.erb
  Rendered /Users/morganosborne/.rvm/gems/ruby-2.2.5/gems/actionpack-5.0.1/lib/action_dispatch/middleware/templates/rescues/_source.html.erb (5.2ms)
  Rendering /Users/morganosborne/.rvm/gems/ruby-2.2.5/gems/actionpack-5.0.1/lib/action_dispatch/middleware/templates/rescues/_trace.html.erb
  Rendered /Users/morganosborne/.rvm/gems/ruby-2.2.5/gems/actionpack-5.0.1/lib/action_dispatch/middleware/templates/rescues/_trace.html.erb (2.5ms)
  Rendering /Users/morganosborne/.rvm/gems/ruby-2.2.5/gems/actionpack-5.0.1/lib/action_dispatch/middleware/templates/rescues/_request_and_response.html.erb
  Rendered /Users/morganosborne/.rvm/gems/ruby-2.2.5/gems/actionpack-5.0.1/lib/action_dispatch/middleware/templates/rescues/_request_and_response.html.erb (0.7ms)
  Rendered /Users/morganosborne/.rvm/gems/ruby-2.2.5/gems/actionpack-5.0.1/lib/action_dispatch/middleware/templates/rescues/template_error.html.erb within rescues/layout (53.6ms)
Started GET "/" for ::1 at 2017-02-22 21:49:56 -0600
Processing by WelcomeController#home as HTML
  Rendering welcome/home.html.erb within layouts/application
  Rendered welcome/home.html.erb within layouts/application (0.5ms)
  [1m[36mUser Load (0.2ms)[0m  [1m[34mSELECT  "users".* FROM "users" WHERE "users"."id" = ? ORDER BY "users"."id" ASC LIMIT ?[0m  [["id", 1], ["LIMIT", 1]]
  Rendered layouts/_header.html.erb (54.1ms)
Completed 500 Internal Server Error in 80ms (ActiveRecord: 0.2ms)


  
ActionView::Template::Error (undefined method `user_path' for #<#<Class:0x007fa18f82dcb8>:0x007fa191ce0c68>):
    2:   <ul>
    3:       <li> <%= link_to "Home", root_path %> </li>
    4:       <% if user_signed_in? %>
    5:         <li><%= link_to 'Profile', user_path(current_user) %></li>
    6:         <li><%= link_to 'Workouts', workouts_path %></li>
    7:         <li><%= link_to 'Meals', meals_path %></li>
    8:         <li><%= link_to 'Sign Out', destroy_user_session_path, method: :delete %></li>
  
app/views/layouts/_header.html.erb:5:in `_app_views_layouts__header_html_erb__4195613599035242299_70165955931260'
app/views/layouts/application.html.erb:13:in `_app_views_layouts_application_html_erb___2160602770251451618_70165956264800'
  Rendering /Users/morganosborne/.rvm/gems/ruby-2.2.5/gems/actionpack-5.0.1/lib/action_dispatch/middleware/templates/rescues/template_error.html.erb within rescues/layout
  Rendering /Users/morganosborne/.rvm/gems/ruby-2.2.5/gems/actionpack-5.0.1/lib/action_dispatch/middleware/templates/rescues/_source.html.erb
  Rendered /Users/morganosborne/.rvm/gems/ruby-2.2.5/gems/actionpack-5.0.1/lib/action_dispatch/middleware/templates/rescues/_source.html.erb (4.3ms)
  Rendering /Users/morganosborne/.rvm/gems/ruby-2.2.5/gems/actionpack-5.0.1/lib/action_dispatch/middleware/templates/rescues/_trace.html.erb
  Rendered /Users/morganosborne/.rvm/gems/ruby-2.2.5/gems/actionpack-5.0.1/lib/action_dispatch/middleware/templates/rescues/_trace.html.erb (1.9ms)
  Rendering /Users/morganosborne/.rvm/gems/ruby-2.2.5/gems/actionpack-5.0.1/lib/action_dispatch/middleware/templates/rescues/_request_and_response.html.erb
  Rendered /Users/morganosborne/.rvm/gems/ruby-2.2.5/gems/actionpack-5.0.1/lib/action_dispatch/middleware/templates/rescues/_request_and_response.html.erb (0.6ms)
  Rendered /Users/morganosborne/.rvm/gems/ruby-2.2.5/gems/actionpack-5.0.1/lib/action_dispatch/middleware/templates/rescues/template_error.html.erb within rescues/layout (52.2ms)
Started GET "/" for ::1 at 2017-02-22 21:50:08 -0600
Processing by WelcomeController#home as HTML
  Rendering welcome/home.html.erb within layouts/application
  Rendered welcome/home.html.erb within layouts/application (0.3ms)
  [1m[36mUser Load (0.1ms)[0m  [1m[34mSELECT  "users".* FROM "users" WHERE "users"."id" = ? ORDER BY "users"."id" ASC LIMIT ?[0m  [["id", 1], ["LIMIT", 1]]
  Rendered layouts/_header.html.erb (1.7ms)
Completed 200 OK in 32ms (Views: 29.8ms | ActiveRecord: 0.1ms)


Started DELETE "/users/sign_out" for ::1 at 2017-02-22 21:50:10 -0600
Processing by Devise::SessionsController#destroy as HTML
  Parameters: {"authenticity_token"=>"z/W9jevqYHAdwRdadZ/KGgvK2BByHhZ5BrouMoNoPIqKHb4v+r4VOA/AG4Jb1mi+DrjJmh3067252PeHXA/nFw=="}
  [1m[36mUser Load (0.2ms)[0m  [1m[34mSELECT  "users".* FROM "users" WHERE "users"."id" = ? ORDER BY "users"."id" ASC LIMIT ?[0m  [["id", 1], ["LIMIT", 1]]
  [1m[35m (0.1ms)[0m  [1m[36mbegin transaction[0m
  [1m[35m (0.1ms)[0m  [1m[36mcommit transaction[0m
Redirected to http://localhost:3000/
Completed 302 Found in 13ms (ActiveRecord: 0.4ms)


Started GET "/" for ::1 at 2017-02-22 21:50:10 -0600
Processing by WelcomeController#home as HTML
  Rendering welcome/home.html.erb within layouts/application
  Rendered welcome/home.html.erb within layouts/application (0.5ms)
  Rendered layouts/_header.html.erb (4.1ms)
Completed 200 OK in 31ms (Views: 28.4ms | ActiveRecord: 0.0ms)


Started GET "/users/sign_up" for ::1 at 2017-02-22 21:50:11 -0600
Processing by Devise::RegistrationsController#new as HTML
  Rendering /Users/morganosborne/.rvm/gems/ruby-2.2.5/gems/devise-4.2.0/app/views/devise/registrations/new.html.erb within layouts/application
  Rendered /Users/morganosborne/.rvm/gems/ruby-2.2.5/gems/devise-4.2.0/app/views/devise/shared/_links.html.erb (1.2ms)
  Rendered /Users/morganosborne/.rvm/gems/ruby-2.2.5/gems/devise-4.2.0/app/views/devise/registrations/new.html.erb within layouts/application (13.7ms)
  Rendered layouts/_header.html.erb (0.8ms)
Completed 200 OK in 43ms (Views: 41.7ms | ActiveRecord: 0.0ms)


Started GET "/users/sign_up" for ::1 at 2017-02-22 21:50:21 -0600
Processing by Devise::RegistrationsController#new as HTML
  Rendering /Users/morganosborne/.rvm/gems/ruby-2.2.5/gems/devise-4.2.0/app/views/devise/registrations/new.html.erb within layouts/application
  Rendered /Users/morganosborne/.rvm/gems/ruby-2.2.5/gems/devise-4.2.0/app/views/devise/shared/_links.html.erb (0.9ms)
  Rendered /Users/morganosborne/.rvm/gems/ruby-2.2.5/gems/devise-4.2.0/app/views/devise/registrations/new.html.erb within layouts/application (5.7ms)
  Rendered layouts/_header.html.erb (0.9ms)
Completed 200 OK in 33ms (Views: 31.9ms | ActiveRecord: 0.0ms)


Started GET "/users/sign_up" for ::1 at 2017-02-22 21:51:11 -0600
Processing by Devise::RegistrationsController#new as HTML
  Rendering /Users/morganosborne/.rvm/gems/ruby-2.2.5/gems/devise-4.2.0/app/views/devise/registrations/new.html.erb within layouts/application
  Rendered /Users/morganosborne/.rvm/gems/ruby-2.2.5/gems/devise-4.2.0/app/views/devise/shared/_links.html.erb (1.3ms)
  Rendered /Users/morganosborne/.rvm/gems/ruby-2.2.5/gems/devise-4.2.0/app/views/devise/registrations/new.html.erb within layouts/application (6.0ms)
  Rendered layouts/_header.html.erb (0.9ms)
Completed 200 OK in 33ms (Views: 31.8ms | ActiveRecord: 0.0ms)


Started GET "/users/sign_up" for ::1 at 2017-02-22 21:51:27 -0600
  [1m[36mActiveRecord::SchemaMigration Load (0.1ms)[0m  [1m[34mSELECT "schema_migrations".* FROM "schema_migrations"[0m
Processing by Devise::RegistrationsController#new as HTML
  Rendering /Users/morganosborne/.rvm/gems/ruby-2.2.5/gems/devise-4.2.0/app/views/devise/registrations/new.html.erb within layouts/application
  Rendered /Users/morganosborne/.rvm/gems/ruby-2.2.5/gems/devise-4.2.0/app/views/devise/shared/_links.html.erb (0.8ms)
  Rendered /Users/morganosborne/.rvm/gems/ruby-2.2.5/gems/devise-4.2.0/app/views/devise/registrations/new.html.erb within layouts/application (20.3ms)
  Rendered layouts/_header.html.erb (0.8ms)
Completed 200 OK in 304ms (Views: 279.5ms | ActiveRecord: 0.5ms)


Started GET "/users/sign_in" for ::1 at 2017-02-22 21:51:29 -0600
Processing by Devise::SessionsController#new as HTML
  Rendering /Users/morganosborne/.rvm/gems/ruby-2.2.5/gems/devise-4.2.0/app/views/devise/sessions/new.html.erb within layouts/application
  Rendered /Users/morganosborne/.rvm/gems/ruby-2.2.5/gems/devise-4.2.0/app/views/devise/shared/_links.html.erb (1.2ms)
  Rendered /Users/morganosborne/.rvm/gems/ruby-2.2.5/gems/devise-4.2.0/app/views/devise/sessions/new.html.erb within layouts/application (8.5ms)
  Rendered layouts/_header.html.erb (1.5ms)
Completed 200 OK in 38ms (Views: 35.0ms | ActiveRecord: 0.0ms)


Started GET "/users/sign_up" for ::1 at 2017-02-22 21:51:30 -0600
Processing by Devise::RegistrationsController#new as HTML
  Rendering /Users/morganosborne/.rvm/gems/ruby-2.2.5/gems/devise-4.2.0/app/views/devise/registrations/new.html.erb within layouts/application
  Rendered /Users/morganosborne/.rvm/gems/ruby-2.2.5/gems/devise-4.2.0/app/views/devise/shared/_links.html.erb (1.3ms)
  Rendered /Users/morganosborne/.rvm/gems/ruby-2.2.5/gems/devise-4.2.0/app/views/devise/registrations/new.html.erb within layouts/application (7.4ms)
  Rendered layouts/_header.html.erb (0.8ms)
Completed 200 OK in 38ms (Views: 37.4ms | ActiveRecord: 0.0ms)


Started GET "/" for ::1 at 2017-02-22 21:51:57 -0600
Processing by WelcomeController#home as HTML
  Rendering welcome/home.html.erb within layouts/application
  Rendered welcome/home.html.erb within layouts/application (0.3ms)
  Rendered layouts/_header.html.erb (1.1ms)
Completed 200 OK in 26ms (Views: 24.3ms | ActiveRecord: 0.0ms)


Started GET "/users/sign_up" for ::1 at 2017-02-22 21:51:59 -0600
Processing by Devise::RegistrationsController#new as HTML
  Rendering /Users/morganosborne/.rvm/gems/ruby-2.2.5/gems/devise-4.2.0/app/views/devise/registrations/new.html.erb within layouts/application
  Rendered /Users/morganosborne/.rvm/gems/ruby-2.2.5/gems/devise-4.2.0/app/views/devise/shared/_links.html.erb (1.4ms)
  Rendered /Users/morganosborne/.rvm/gems/ruby-2.2.5/gems/devise-4.2.0/app/views/devise/registrations/new.html.erb within layouts/application (7.4ms)
  Rendered layouts/_header.html.erb (0.8ms)
Completed 200 OK in 40ms (Views: 38.7ms | ActiveRecord: 0.0ms)


Started GET "/users/sign_up" for ::1 at 2017-02-22 22:00:02 -0600
  [1m[36mActiveRecord::SchemaMigration Load (0.1ms)[0m  [1m[34mSELECT "schema_migrations".* FROM "schema_migrations"[0m
Processing by RegistrationsController#new as HTML
  Rendering /Users/morganosborne/.rvm/gems/ruby-2.2.5/gems/devise-4.2.0/app/views/devise/registrations/new.html.erb within layouts/application
  Rendered /Users/morganosborne/.rvm/gems/ruby-2.2.5/gems/devise-4.2.0/app/views/devise/shared/_links.html.erb (1.4ms)
  Rendered /Users/morganosborne/.rvm/gems/ruby-2.2.5/gems/devise-4.2.0/app/views/devise/registrations/new.html.erb within layouts/application (27.4ms)
  Rendered layouts/_header.html.erb (1.3ms)
Completed 200 OK in 295ms (Views: 270.2ms | ActiveRecord: 0.8ms)


Started GET "/users/sign_up" for ::1 at 2017-02-22 22:00:04 -0600
Processing by RegistrationsController#new as HTML
  Rendering /Users/morganosborne/.rvm/gems/ruby-2.2.5/gems/devise-4.2.0/app/views/devise/registrations/new.html.erb within layouts/application
  Rendered /Users/morganosborne/.rvm/gems/ruby-2.2.5/gems/devise-4.2.0/app/views/devise/shared/_links.html.erb (0.9ms)
  Rendered /Users/morganosborne/.rvm/gems/ruby-2.2.5/gems/devise-4.2.0/app/views/devise/registrations/new.html.erb within layouts/application (5.9ms)
  Rendered layouts/_header.html.erb (0.8ms)
Completed 200 OK in 37ms (Views: 36.5ms | ActiveRecord: 0.0ms)


Started GET "/users/sign_in" for ::1 at 2017-02-22 22:00:07 -0600
Processing by Devise::SessionsController#new as HTML
  Rendering /Users/morganosborne/.rvm/gems/ruby-2.2.5/gems/devise-4.2.0/app/views/devise/sessions/new.html.erb within layouts/application
  Rendered /Users/morganosborne/.rvm/gems/ruby-2.2.5/gems/devise-4.2.0/app/views/devise/shared/_links.html.erb (1.3ms)
  Rendered /Users/morganosborne/.rvm/gems/ruby-2.2.5/gems/devise-4.2.0/app/views/devise/sessions/new.html.erb within layouts/application (8.8ms)
  Rendered layouts/_header.html.erb (0.8ms)
Completed 200 OK in 35ms (Views: 33.4ms | ActiveRecord: 0.0ms)


Started GET "/users/sign_up" for ::1 at 2017-02-22 22:00:08 -0600
Processing by RegistrationsController#new as HTML
  Rendering /Users/morganosborne/.rvm/gems/ruby-2.2.5/gems/devise-4.2.0/app/views/devise/registrations/new.html.erb within layouts/application
  Rendered /Users/morganosborne/.rvm/gems/ruby-2.2.5/gems/devise-4.2.0/app/views/devise/shared/_links.html.erb (1.3ms)
  Rendered /Users/morganosborne/.rvm/gems/ruby-2.2.5/gems/devise-4.2.0/app/views/devise/registrations/new.html.erb within layouts/application (7.4ms)
  Rendered layouts/_header.html.erb (0.8ms)
Completed 200 OK in 44ms (Views: 42.8ms | ActiveRecord: 0.0ms)


Started GET "/users/sign_up" for ::1 at 2017-02-22 22:01:25 -0600
Processing by RegistrationsController#new as HTML
  Rendering /Users/morganosborne/.rvm/gems/ruby-2.2.5/gems/devise-4.2.0/app/views/devise/registrations/new.html.erb within layouts/application
  Rendered /Users/morganosborne/.rvm/gems/ruby-2.2.5/gems/devise-4.2.0/app/views/devise/shared/_links.html.erb (0.8ms)
  Rendered /Users/morganosborne/.rvm/gems/ruby-2.2.5/gems/devise-4.2.0/app/views/devise/registrations/new.html.erb within layouts/application (5.5ms)
  Rendered layouts/_header.html.erb (1.0ms)
Completed 200 OK in 68ms (Views: 56.1ms | ActiveRecord: 0.7ms)


Started GET "/users/sign_up" for ::1 at 2017-02-22 22:04:23 -0600
Processing by RegistrationsController#new as HTML
  Rendering /Users/morganosborne/.rvm/gems/ruby-2.2.5/gems/devise-4.2.0/app/views/devise/registrations/new.html.erb within layouts/application
  Rendered /Users/morganosborne/.rvm/gems/ruby-2.2.5/gems/devise-4.2.0/app/views/devise/shared/_links.html.erb (1.1ms)
  Rendered /Users/morganosborne/.rvm/gems/ruby-2.2.5/gems/devise-4.2.0/app/views/devise/registrations/new.html.erb within layouts/application (6.2ms)
  Rendered layouts/_header.html.erb (1.0ms)
Completed 200 OK in 41ms (Views: 40.4ms | ActiveRecord: 0.0ms)


Started POST "/users" for ::1 at 2017-02-22 22:04:35 -0600
Processing by RegistrationsController#create as HTML
  Parameters: {"utf8"=>"✓", "authenticity_token"=>"7HOeYhLnmppXdqDYcrLybH2/G8G8tN68y+oHe7uqL4tMpFFn5W+iXodGu8ctmqIHNSGBlKy08OOLkOGKDdTxuA==", "user"=>{"email"=>"hello@example.com", "password"=>"[FILTERED]", "password_confirmation"=>"[FILTERED]"}, "commit"=>"Sign up"}
  [1m[35m (0.1ms)[0m  [1m[36mbegin transaction[0m
  [1m[36mUser Exists (0.2ms)[0m  [1m[34mSELECT  1 AS one FROM "users" WHERE "users"."email" = ? LIMIT ?[0m  [["email", "hello@example.com"], ["LIMIT", 1]]
  [1m[35mSQL (0.3ms)[0m  [1m[32mINSERT INTO "users" ("email", "encrypted_password", "created_at", "updated_at") VALUES (?, ?, ?, ?)[0m  [["email", "hello@example.com"], ["encrypted_password", "$2a$11$jbQaGo2NSEC9f0TadcpeZuqBxjyDP4tK/U2nUq7REGfuSoEJObjKi"], ["created_at", 2017-02-23 04:04:35 UTC], ["updated_at", 2017-02-23 04:04:35 UTC]]
  [1m[35m (6.6ms)[0m  [1m[36mcommit transaction[0m
  [1m[35m (0.1ms)[0m  [1m[36mbegin transaction[0m
  [1m[35mSQL (0.4ms)[0m  [1m[33mUPDATE "users" SET "sign_in_count" = ?, "current_sign_in_at" = ?, "last_sign_in_at" = ?, "current_sign_in_ip" = ?, "last_sign_in_ip" = ?, "updated_at" = ? WHERE "users"."id" = ?[0m  [["sign_in_count", 1], ["current_sign_in_at", 2017-02-23 04:04:35 UTC], ["last_sign_in_at", 2017-02-23 04:04:35 UTC], ["current_sign_in_ip", "::1"], ["last_sign_in_ip", "::1"], ["updated_at", 2017-02-23 04:04:35 UTC], ["id", 2]]
  [1m[35m (0.7ms)[0m  [1m[36mcommit transaction[0m
Redirected to http://localhost:3000/
Completed 302 Found in 167ms (ActiveRecord: 8.3ms)


Started GET "/" for ::1 at 2017-02-22 22:04:35 -0600
Processing by WelcomeController#home as HTML
  Rendering welcome/home.html.erb within layouts/application
  Rendered welcome/home.html.erb within layouts/application (0.4ms)
  [1m[36mUser Load (0.2ms)[0m  [1m[34mSELECT  "users".* FROM "users" WHERE "users"."id" = ? ORDER BY "users"."id" ASC LIMIT ?[0m  [["id", 2], ["LIMIT", 1]]
  Rendered layouts/_header.html.erb (3.0ms)
Completed 200 OK in 30ms (Views: 27.2ms | ActiveRecord: 0.2ms)


Started DELETE "/users/sign_out" for ::1 at 2017-02-22 22:04:39 -0600
Processing by Devise::SessionsController#destroy as HTML
  Parameters: {"authenticity_token"=>"Cpska40h5RClFFy2SJLUYh2d+zin/FLBihMrYI4yxpaqTOtueqnd1HUkR6kXuoQJVQNhbbf8fJ7Kac2ROEwYpQ=="}
  [1m[36mUser Load (0.2ms)[0m  [1m[34mSELECT  "users".* FROM "users" WHERE "users"."id" = ? ORDER BY "users"."id" ASC LIMIT ?[0m  [["id", 2], ["LIMIT", 1]]
  [1m[35m (0.0ms)[0m  [1m[36mbegin transaction[0m
  [1m[35m (0.0ms)[0m  [1m[36mcommit transaction[0m
Redirected to http://localhost:3000/
Completed 302 Found in 11ms (ActiveRecord: 0.3ms)


Started GET "/" for ::1 at 2017-02-22 22:04:39 -0600
Processing by WelcomeController#home as HTML
  Rendering welcome/home.html.erb within layouts/application
  Rendered welcome/home.html.erb within layouts/application (0.3ms)
  Rendered layouts/_header.html.erb (1.2ms)
Completed 200 OK in 30ms (Views: 28.2ms | ActiveRecord: 0.0ms)


Started GET "/users/sign_in" for ::1 at 2017-02-22 22:04:40 -0600
Processing by Devise::SessionsController#new as HTML
  Rendering /Users/morganosborne/.rvm/gems/ruby-2.2.5/gems/devise-4.2.0/app/views/devise/sessions/new.html.erb within layouts/application
  Rendered /Users/morganosborne/.rvm/gems/ruby-2.2.5/gems/devise-4.2.0/app/views/devise/shared/_links.html.erb (1.4ms)
  Rendered /Users/morganosborne/.rvm/gems/ruby-2.2.5/gems/devise-4.2.0/app/views/devise/sessions/new.html.erb within layouts/application (8.1ms)
  Rendered layouts/_header.html.erb (1.3ms)
Completed 200 OK in 45ms (Views: 43.7ms | ActiveRecord: 0.0ms)


Started POST "/users/sign_in" for ::1 at 2017-02-22 22:04:42 -0600
Processing by Devise::SessionsController#create as HTML
  Parameters: {"utf8"=>"✓", "authenticity_token"=>"QLGzOUOuALInmmW9bJW3RTgB5n4zFmvAnb5lvWFb5UUabSiOo0ujklwZ8RZKcPlkG3yVfFPuQVf6qR61k58FSQ==", "user"=>{"email"=>"hello@example.com", "password"=>"[FILTERED]", "remember_me"=>"0"}, "commit"=>"Log in"}
  [1m[36mUser Load (0.2ms)[0m  [1m[34mSELECT  "users".* FROM "users" WHERE "users"."email" = ? ORDER BY "users"."id" ASC LIMIT ?[0m  [["email", "hello@example.com"], ["LIMIT", 1]]
  [1m[35m (0.0ms)[0m  [1m[36mbegin transaction[0m
  [1m[35mSQL (0.2ms)[0m  [1m[33mUPDATE "users" SET "current_sign_in_at" = ?, "sign_in_count" = ?, "updated_at" = ? WHERE "users"."id" = ?[0m  [["current_sign_in_at", 2017-02-23 04:04:42 UTC], ["sign_in_count", 2], ["updated_at", 2017-02-23 04:04:42 UTC], ["id", 2]]
  [1m[35m (6.7ms)[0m  [1m[36mcommit transaction[0m
Redirected to http://localhost:3000/
Completed 302 Found in 154ms (ActiveRecord: 7.2ms)


Started GET "/" for ::1 at 2017-02-22 22:04:42 -0600
Processing by WelcomeController#home as HTML
  Rendering welcome/home.html.erb within layouts/application
  Rendered welcome/home.html.erb within layouts/application (0.3ms)
  [1m[36mUser Load (0.2ms)[0m  [1m[34mSELECT  "users".* FROM "users" WHERE "users"."id" = ? ORDER BY "users"."id" ASC LIMIT ?[0m  [["id", 2], ["LIMIT", 1]]
  Rendered layouts/_header.html.erb (1.9ms)
Completed 200 OK in 28ms (Views: 25.9ms | ActiveRecord: 0.2ms)


Started DELETE "/users/sign_out" for ::1 at 2017-02-22 22:04:44 -0600
Processing by Devise::SessionsController#destroy as HTML
  Parameters: {"authenticity_token"=>"x0YgKZ1icxJbDHpYLwqh80Q4lH/J14L99gKdXqSENWzSokb0XWtSp+rCbl/EGGbZWzVqxXUQrdBTe87Ses6vsg=="}
  [1m[36mUser Load (0.2ms)[0m  [1m[34mSELECT  "users".* FROM "users" WHERE "users"."id" = ? ORDER BY "users"."id" ASC LIMIT ?[0m  [["id", 2], ["LIMIT", 1]]
  [1m[35m (0.0ms)[0m  [1m[36mbegin transaction[0m
  [1m[35m (0.0ms)[0m  [1m[36mcommit transaction[0m
Redirected to http://localhost:3000/
Completed 302 Found in 4ms (ActiveRecord: 0.2ms)


Started GET "/" for ::1 at 2017-02-22 22:04:44 -0600
Processing by WelcomeController#home as HTML
  Rendering welcome/home.html.erb within layouts/application
  Rendered welcome/home.html.erb within layouts/application (0.9ms)
  Rendered layouts/_header.html.erb (0.9ms)
Completed 200 OK in 29ms (Views: 27.3ms | ActiveRecord: 0.0ms)


Started GET "/users/sign_up" for ::1 at 2017-02-22 22:04:45 -0600
Processing by RegistrationsController#new as HTML
  Rendering /Users/morganosborne/.rvm/gems/ruby-2.2.5/gems/devise-4.2.0/app/views/devise/registrations/new.html.erb within layouts/application
  Rendered /Users/morganosborne/.rvm/gems/ruby-2.2.5/gems/devise-4.2.0/app/views/devise/shared/_links.html.erb (1.3ms)
  Rendered /Users/morganosborne/.rvm/gems/ruby-2.2.5/gems/devise-4.2.0/app/views/devise/registrations/new.html.erb within layouts/application (7.9ms)
  Rendered layouts/_header.html.erb (0.8ms)
Completed 200 OK in 50ms (Views: 49.5ms | ActiveRecord: 0.0ms)


Started GET "/users/sign_up" for ::1 at 2017-02-22 22:05:02 -0600
Processing by RegistrationsController#new as HTML
  Rendering /Users/morganosborne/.rvm/gems/ruby-2.2.5/gems/devise-4.2.0/app/views/devise/registrations/new.html.erb within layouts/application
  Rendered /Users/morganosborne/.rvm/gems/ruby-2.2.5/gems/devise-4.2.0/app/views/devise/shared/_links.html.erb (0.9ms)
  Rendered /Users/morganosborne/.rvm/gems/ruby-2.2.5/gems/devise-4.2.0/app/views/devise/registrations/new.html.erb within layouts/application (6.5ms)
  Rendered layouts/_header.html.erb (0.8ms)
Completed 200 OK in 37ms (Views: 36.4ms | ActiveRecord: 0.0ms)


Started GET "/users/sign_up" for ::1 at 2017-02-22 22:05:03 -0600
Processing by RegistrationsController#new as HTML
  Rendering /Users/morganosborne/.rvm/gems/ruby-2.2.5/gems/devise-4.2.0/app/views/devise/registrations/new.html.erb within layouts/application
  Rendered /Users/morganosborne/.rvm/gems/ruby-2.2.5/gems/devise-4.2.0/app/views/devise/shared/_links.html.erb (1.0ms)
  Rendered /Users/morganosborne/.rvm/gems/ruby-2.2.5/gems/devise-4.2.0/app/views/devise/registrations/new.html.erb within layouts/application (6.4ms)
  Rendered layouts/_header.html.erb (0.9ms)
Completed 200 OK in 41ms (Views: 40.1ms | ActiveRecord: 0.0ms)


Started GET "/users/sign_up" for ::1 at 2017-02-22 22:07:13 -0600
Processing by RegistrationsController#new as HTML
  Rendering /Users/morganosborne/.rvm/gems/ruby-2.2.5/gems/devise-4.2.0/app/views/devise/registrations/new.html.erb within layouts/application
  Rendered /Users/morganosborne/.rvm/gems/ruby-2.2.5/gems/devise-4.2.0/app/views/devise/shared/_links.html.erb (1.0ms)
  Rendered /Users/morganosborne/.rvm/gems/ruby-2.2.5/gems/devise-4.2.0/app/views/devise/registrations/new.html.erb within layouts/application (6.1ms)
  Rendered layouts/_header.html.erb (0.8ms)
Completed 200 OK in 36ms (Views: 35.0ms | ActiveRecord: 0.0ms)


Started GET "/users/sign_up" for ::1 at 2017-02-22 22:07:15 -0600
Processing by RegistrationsController#new as HTML
  Rendering /Users/morganosborne/.rvm/gems/ruby-2.2.5/gems/devise-4.2.0/app/views/devise/registrations/new.html.erb within layouts/application
  Rendered /Users/morganosborne/.rvm/gems/ruby-2.2.5/gems/devise-4.2.0/app/views/devise/shared/_links.html.erb (1.1ms)
  Rendered /Users/morganosborne/.rvm/gems/ruby-2.2.5/gems/devise-4.2.0/app/views/devise/registrations/new.html.erb within layouts/application (6.2ms)
  Rendered layouts/_header.html.erb (0.9ms)
Completed 200 OK in 38ms (Views: 37.4ms | ActiveRecord: 0.0ms)


Started GET "/users/sign_in" for ::1 at 2017-02-22 22:07:16 -0600
Processing by Devise::SessionsController#new as HTML
  Rendering /Users/morganosborne/.rvm/gems/ruby-2.2.5/gems/devise-4.2.0/app/views/devise/sessions/new.html.erb within layouts/application
  Rendered /Users/morganosborne/.rvm/gems/ruby-2.2.5/gems/devise-4.2.0/app/views/devise/shared/_links.html.erb (1.2ms)
  Rendered /Users/morganosborne/.rvm/gems/ruby-2.2.5/gems/devise-4.2.0/app/views/devise/sessions/new.html.erb within layouts/application (6.5ms)
  Rendered layouts/_header.html.erb (1.0ms)
Completed 200 OK in 34ms (Views: 33.1ms | ActiveRecord: 0.0ms)


Started GET "/users/sign_up" for ::1 at 2017-02-22 22:07:16 -0600
Processing by RegistrationsController#new as HTML
  Rendering /Users/morganosborne/.rvm/gems/ruby-2.2.5/gems/devise-4.2.0/app/views/devise/registrations/new.html.erb within layouts/application
  Rendered /Users/morganosborne/.rvm/gems/ruby-2.2.5/gems/devise-4.2.0/app/views/devise/shared/_links.html.erb (1.2ms)
  Rendered /Users/morganosborne/.rvm/gems/ruby-2.2.5/gems/devise-4.2.0/app/views/devise/registrations/new.html.erb within layouts/application (7.0ms)
  Rendered layouts/_header.html.erb (1.8ms)
Completed 200 OK in 43ms (Views: 41.4ms | ActiveRecord: 0.0ms)


Started GET "/users/sign_up" for ::1 at 2017-02-22 22:09:29 -0600
  [1m[36mActiveRecord::SchemaMigration Load (0.1ms)[0m  [1m[34mSELECT "schema_migrations".* FROM "schema_migrations"[0m
Processing by RegistrationsController#new as HTML
  Rendering users/registrations/new.html.erb within layouts/application
  Rendered users/shared/_links.html.erb (1.5ms)
  Rendered users/registrations/new.html.erb within layouts/application (27.1ms)
  Rendered layouts/_header.html.erb (1.3ms)
Completed 200 OK in 285ms (Views: 259.3ms | ActiveRecord: 0.6ms)


Started GET "/users/sign_up" for ::1 at 2017-02-22 22:09:31 -0600
Processing by RegistrationsController#new as HTML
  Rendering users/registrations/new.html.erb within layouts/application
  Rendered users/shared/_links.html.erb (1.3ms)
  Rendered users/registrations/new.html.erb within layouts/application (6.7ms)
  Rendered layouts/_header.html.erb (1.0ms)
Completed 200 OK in 53ms (Views: 51.8ms | ActiveRecord: 0.0ms)


Started GET "/users/sign_up" for ::1 at 2017-02-22 22:10:24 -0600
Processing by RegistrationsController#new as HTML
  Rendering users/registrations/new.html.erb within layouts/application
  Rendered users/shared/_links.html.erb (0.8ms)
  Rendered users/registrations/new.html.erb within layouts/application (5.3ms)
  Rendered layouts/_header.html.erb (0.7ms)
Completed 200 OK in 31ms (Views: 30.0ms | ActiveRecord: 0.0ms)


Started GET "/users/sign_up" for ::1 at 2017-02-22 22:10:38 -0600
Processing by RegistrationsController#new as HTML
  Rendering users/registrations/new.html.erb within layouts/application
  Rendered users/shared/_links.html.erb (0.8ms)
  Rendered users/registrations/new.html.erb within layouts/application (5.1ms)
  Rendered layouts/_header.html.erb (2.3ms)
Completed 200 OK in 32ms (Views: 31.5ms | ActiveRecord: 0.0ms)


Started GET "/users/sign_up" for ::1 at 2017-02-22 22:10:50 -0600
Processing by RegistrationsController#new as HTML
  Rendering users/registrations/new.html.erb within layouts/application
  Rendered users/shared/_links.html.erb (1.0ms)
  Rendered users/registrations/new.html.erb within layouts/application (5.4ms)
  Rendered layouts/_header.html.erb (0.9ms)
Completed 200 OK in 54ms (Views: 53.7ms | ActiveRecord: 0.0ms)


Started GET "/users/sign_in" for ::1 at 2017-02-22 22:10:51 -0600
Processing by Devise::SessionsController#new as HTML
  Rendering users/sessions/new.html.erb within layouts/application
  Rendered users/shared/_links.html.erb (1.2ms)
  Rendered users/sessions/new.html.erb within layouts/application (8.7ms)
  Rendered layouts/_header.html.erb (1.0ms)
Completed 200 OK in 40ms (Views: 37.4ms | ActiveRecord: 0.0ms)


Started GET "/users/sign_up" for ::1 at 2017-02-22 22:10:52 -0600
Processing by RegistrationsController#new as HTML
  Rendering users/registrations/new.html.erb within layouts/application
  Rendered users/shared/_links.html.erb (1.2ms)
  Rendered users/registrations/new.html.erb within layouts/application (8.3ms)
  Rendered layouts/_header.html.erb (0.9ms)
Completed 200 OK in 44ms (Views: 43.0ms | ActiveRecord: 0.0ms)


Started GET "/users/sign_up" for ::1 at 2017-02-22 22:11:11 -0600
Processing by RegistrationsController#new as HTML
  Rendering users/registrations/new.html.erb within layouts/application
  Rendered users/shared/_links.html.erb (1.1ms)
  Rendered users/registrations/new.html.erb within layouts/application (6.6ms)
  Rendered layouts/_header.html.erb (1.1ms)
Completed 200 OK in 46ms (Views: 45.4ms | ActiveRecord: 0.0ms)


Started GET "/users/sign_up" for ::1 at 2017-02-22 22:11:36 -0600
Processing by RegistrationsController#new as HTML
  Rendering users/registrations/new.html.erb within layouts/application
  Rendered users/shared/_links.html.erb (1.2ms)
  Rendered users/registrations/new.html.erb within layouts/application (6.3ms)
  Rendered layouts/_header.html.erb (1.1ms)
Completed 200 OK in 42ms (Views: 41.1ms | ActiveRecord: 0.0ms)


Started POST "/users" for ::1 at 2017-02-22 22:11:53 -0600
Processing by RegistrationsController#create as HTML
  Parameters: {"utf8"=>"✓", "authenticity_token"=>"y7XDwwWr7E9m5t7xll0Y6Aq6kAIMLVWboQ1EqHTgcAYFDDmNSfRyQUW0pKy3pt+ixusY/FhqQjLRfSD7X2ZpLg==", "user"=>{"first_name"=>"Jane", "last_name"=>"Doe", "email"=>"jane@example.com", "password"=>"[FILTERED]", "password_confirmation"=>"[FILTERED]"}, "commit"=>"Sign up"}
  [1m[35m (0.1ms)[0m  [1m[36mbegin transaction[0m
  [1m[36mUser Exists (0.2ms)[0m  [1m[34mSELECT  1 AS one FROM "users" WHERE "users"."email" = ? LIMIT ?[0m  [["email", "jane@example.com"], ["LIMIT", 1]]
  [1m[35mSQL (0.4ms)[0m  [1m[32mINSERT INTO "users" ("first_name", "last_name", "email", "encrypted_password", "created_at", "updated_at") VALUES (?, ?, ?, ?, ?, ?)[0m  [["first_name", "Jane"], ["last_name", "Doe"], ["email", "jane@example.com"], ["encrypted_password", "$2a$11$biBTHBiJu9A11XZVeCjOs.7eu1p3LaItv9If7o9v8j.zowHNSA9Bi"], ["created_at", 2017-02-23 04:11:53 UTC], ["updated_at", 2017-02-23 04:11:53 UTC]]
  [1m[35m (6.3ms)[0m  [1m[36mcommit transaction[0m
  [1m[35m (0.1ms)[0m  [1m[36mbegin transaction[0m
  [1m[35mSQL (0.3ms)[0m  [1m[33mUPDATE "users" SET "sign_in_count" = ?, "current_sign_in_at" = ?, "last_sign_in_at" = ?, "current_sign_in_ip" = ?, "last_sign_in_ip" = ?, "updated_at" = ? WHERE "users"."id" = ?[0m  [["sign_in_count", 1], ["current_sign_in_at", 2017-02-23 04:11:53 UTC], ["last_sign_in_at", 2017-02-23 04:11:53 UTC], ["current_sign_in_ip", "::1"], ["last_sign_in_ip", "::1"], ["updated_at", 2017-02-23 04:11:53 UTC], ["id", 3]]
  [1m[35m (0.8ms)[0m  [1m[36mcommit transaction[0m
Redirected to http://localhost:3000/
Completed 302 Found in 166ms (ActiveRecord: 8.0ms)


Started GET "/" for ::1 at 2017-02-22 22:11:53 -0600
Processing by WelcomeController#home as HTML
  Rendering welcome/home.html.erb within layouts/application
  Rendered welcome/home.html.erb within layouts/application (0.3ms)
  [1m[36mUser Load (0.2ms)[0m  [1m[34mSELECT  "users".* FROM "users" WHERE "users"."id" = ? ORDER BY "users"."id" ASC LIMIT ?[0m  [["id", 3], ["LIMIT", 1]]
  Rendered layouts/_header.html.erb (2.0ms)
Completed 200 OK in 32ms (Views: 30.4ms | ActiveRecord: 0.2ms)


Started GET "/entries/new" for ::1 at 2017-02-22 22:12:01 -0600
Processing by EntriesController#new as HTML
  Rendering entries/new.html.erb within layouts/application
  Rendered entries/_form.html.erb (2.9ms)
  Rendered entries/new.html.erb within layouts/application (4.5ms)
  [1m[36mUser Load (0.2ms)[0m  [1m[34mSELECT  "users".* FROM "users" WHERE "users"."id" = ? ORDER BY "users"."id" ASC LIMIT ?[0m  [["id", 3], ["LIMIT", 1]]
  Rendered layouts/_header.html.erb (1.9ms)
Completed 200 OK in 41ms (Views: 29.3ms | ActiveRecord: 0.6ms)


Started POST "/entries" for ::1 at 2017-02-22 22:12:13 -0600
Processing by EntriesController#create as HTML
  Parameters: {"utf8"=>"✓", "authenticity_token"=>"QZWYuuKptHJU29g+pGPH8YLwQNuPVHsjtZcgfR15fjqPLGL0rvYqfHeJomOFmAC7TqHIJdsTbIrF50QuNv9nEg==", "entry"=>{"title"=>"This is a title!", "content"=>"This is content..."}, "commit"=>"Create New Journal Entry"}
  [1m[36mUser Load (0.2ms)[0m  [1m[34mSELECT  "users".* FROM "users" WHERE "users"."id" = ? ORDER BY "users"."id" ASC LIMIT ?[0m  [["id", 3], ["LIMIT", 1]]
  [1m[35m (0.0ms)[0m  [1m[36mbegin transaction[0m
  [1m[36mUser Load (0.2ms)[0m  [1m[34mSELECT  "users".* FROM "users" WHERE "users"."id" = ? LIMIT ?[0m  [["id", 3], ["LIMIT", 1]]
  [1m[35mSQL (0.3ms)[0m  [1m[32mINSERT INTO "entries" ("user_id", "title", "content", "created_at", "updated_at") VALUES (?, ?, ?, ?, ?)[0m  [["user_id", 3], ["title", "This is a title!"], ["content", "This is content..."], ["created_at", 2017-02-23 04:12:13 UTC], ["updated_at", 2017-02-23 04:12:13 UTC]]
  [1m[35m (0.7ms)[0m  [1m[36mcommit transaction[0m
  [1m[35m (0.0ms)[0m  [1m[36mbegin transaction[0m
  [1m[35m (0.0ms)[0m  [1m[36mcommit transaction[0m
Redirected to http://localhost:3000/entries/2
Completed 302 Found in 19ms (ActiveRecord: 1.5ms)


Started GET "/entries/2" for ::1 at 2017-02-22 22:12:13 -0600
Processing by EntriesController#show as HTML
  Parameters: {"id"=>"2"}
  [1m[36mEntry Load (0.3ms)[0m  [1m[34mSELECT  "entries".* FROM "entries" WHERE "entries"."id" = ? LIMIT ?[0m  [["id", 2], ["LIMIT", 1]]
  Rendering entries/show.html.erb within layouts/application
  Rendered entries/show.html.erb within layouts/application (0.5ms)
  [1m[36mUser Load (0.2ms)[0m  [1m[34mSELECT  "users".* FROM "users" WHERE "users"."id" = ? ORDER BY "users"."id" ASC LIMIT ?[0m  [["id", 3], ["LIMIT", 1]]
  Rendered layouts/_header.html.erb (1.9ms)
Completed 200 OK in 37ms (Views: 33.2ms | ActiveRecord: 0.5ms)


Started GET "/entries/" for ::1 at 2017-02-22 22:12:17 -0600
Processing by EntriesController#index as HTML
  [1m[36mUser Load (0.2ms)[0m  [1m[34mSELECT  "users".* FROM "users" WHERE "users"."id" = ? ORDER BY "users"."id" ASC LIMIT ?[0m  [["id", 3], ["LIMIT", 1]]
  Rendering entries/index.html.erb within layouts/application
  [1m[36mEntry Load (0.1ms)[0m  [1m[34mSELECT "entries".* FROM "entries" WHERE "entries"."user_id" = ?[0m  [["user_id", 3]]
  Rendered entries/index.html.erb within layouts/application (1.8ms)
  Rendered layouts/_header.html.erb (0.8ms)
Completed 200 OK in 31ms (Views: 22.5ms | ActiveRecord: 0.3ms)


  [1m[36mActiveRecord::SchemaMigration Load (0.1ms)[0m  [1m[34mSELECT "schema_migrations".* FROM "schema_migrations"[0m
  [1m[36mActiveRecord::SchemaMigration Load (0.0ms)[0m  [1m[34mSELECT "schema_migrations".* FROM "schema_migrations"[0m
Migrating to CreateFollowings (20170223024924)
  [1m[35m (0.0ms)[0m  [1m[36mbegin transaction[0m
  [1m[35m (0.5ms)[0m  [1m[35mDROP TABLE "followings"[0m
  [1m[35mSQL (0.1ms)[0m  [1m[31mDELETE FROM "schema_migrations" WHERE "schema_migrations"."version" = ?[0m  [["version", "20170223024924"]]
  [1m[35m (0.7ms)[0m  [1m[36mcommit transaction[0m
  [1m[36mActiveRecord::SchemaMigration Load (0.1ms)[0m  [1m[34mSELECT "schema_migrations".* FROM "schema_migrations"[0m
  [1m[35m (0.1ms)[0m  [1m[34m            SELECT sql
            FROM sqlite_master
            WHERE name='index_users_on_reset_password_token' AND type='index'
            UNION ALL
            SELECT sql
            FROM sqlite_temp_master
            WHERE name='index_users_on_reset_password_token' AND type='index'
[0m
  [1m[35m (0.1ms)[0m  [1m[34m            SELECT sql
            FROM sqlite_master
            WHERE name='index_users_on_email' AND type='index'
            UNION ALL
            SELECT sql
            FROM sqlite_temp_master
            WHERE name='index_users_on_email' AND type='index'
[0m
  [1m[36mActiveRecord::SchemaMigration Load (0.1ms)[0m  [1m[34mSELECT "schema_migrations".* FROM "schema_migrations"[0m
Migrating to CreateFollowRelationships (20170223050349)
  [1m[35m (0.1ms)[0m  [1m[36mbegin transaction[0m
  [1m[35m (1.1ms)[0m  [1m[35mCREATE TABLE "follow_relationships" ("id" INTEGER PRIMARY KEY AUTOINCREMENT NOT NULL, "following_id" integer NOT NULL, "follower_id" integer NOT NULL, "created_at" datetime NOT NULL, "updated_at" datetime NOT NULL)[0m
  [1m[35mSQL (0.1ms)[0m  [1m[32mINSERT INTO "schema_migrations" ("version") VALUES (?)[0m  [["version", "20170223050349"]]
  [1m[35m (7.1ms)[0m  [1m[36mcommit transaction[0m
  [1m[36mActiveRecord::InternalMetadata Load (0.2ms)[0m  [1m[34mSELECT  "ar_internal_metadata".* FROM "ar_internal_metadata" WHERE "ar_internal_metadata"."key" = ? LIMIT ?[0m  [["key", :environment], ["LIMIT", 1]]
  [1m[35m (0.0ms)[0m  [1m[36mbegin transaction[0m
  [1m[35m (0.0ms)[0m  [1m[36mcommit transaction[0m
  [1m[36mActiveRecord::SchemaMigration Load (0.1ms)[0m  [1m[34mSELECT "schema_migrations".* FROM "schema_migrations"[0m
  [1m[35m (0.1ms)[0m  [1m[34m            SELECT sql
            FROM sqlite_master
            WHERE name='index_users_on_reset_password_token' AND type='index'
            UNION ALL
            SELECT sql
            FROM sqlite_temp_master
            WHERE name='index_users_on_reset_password_token' AND type='index'
[0m
  [1m[35m (0.1ms)[0m  [1m[34m            SELECT sql
            FROM sqlite_master
            WHERE name='index_users_on_email' AND type='index'
            UNION ALL
            SELECT sql
            FROM sqlite_temp_master
            WHERE name='index_users_on_email' AND type='index'
[0m
  [1m[36mUser Load (1.7ms)[0m  [1m[34mSELECT "users".* FROM "users"[0m
  [1m[35m (0.1ms)[0m  [1m[36mbegin transaction[0m
  [1m[36mUser Load (0.4ms)[0m  [1m[34mSELECT  "users".* FROM "users" WHERE "users"."id" = ? LIMIT ?[0m  [["id", 1], ["LIMIT", 1]]
  [1m[36mUser Load (0.1ms)[0m  [1m[34mSELECT  "users".* FROM "users" WHERE "users"."id" = ? LIMIT ?[0m  [["id", 2], ["LIMIT", 1]]
  [1m[35mSQL (0.5ms)[0m  [1m[32mINSERT INTO "follow_relationships" ("following_id", "follower_id", "created_at", "updated_at") VALUES (?, ?, ?, ?)[0m  [["following_id", 2], ["follower_id", 1], ["created_at", 2017-02-23 05:10:48 UTC], ["updated_at", 2017-02-23 05:10:48 UTC]]
  [1m[35m (6.7ms)[0m  [1m[36mcommit transaction[0m
  [1m[35m (0.1ms)[0m  [1m[36mbegin transaction[0m
  [1m[36mUser Load (0.2ms)[0m  [1m[34mSELECT  "users".* FROM "users" WHERE "users"."id" = ? LIMIT ?[0m  [["id", 1], ["LIMIT", 1]]
  [1m[36mUser Load (0.0ms)[0m  [1m[34mSELECT  "users".* FROM "users" WHERE "users"."id" = ? LIMIT ?[0m  [["id", 3], ["LIMIT", 1]]
  [1m[35mSQL (0.2ms)[0m  [1m[32mINSERT INTO "follow_relationships" ("following_id", "follower_id", "created_at", "updated_at") VALUES (?, ?, ?, ?)[0m  [["following_id", 3], ["follower_id", 1], ["created_at", 2017-02-23 05:11:17 UTC], ["updated_at", 2017-02-23 05:11:17 UTC]]
  [1m[35m (6.6ms)[0m  [1m[36mcommit transaction[0m
  [1m[35m (0.1ms)[0m  [1m[36mbegin transaction[0m
  [1m[36mUser Load (0.1ms)[0m  [1m[34mSELECT  "users".* FROM "users" WHERE "users"."id" = ? LIMIT ?[0m  [["id", 3], ["LIMIT", 1]]
  [1m[36mUser Load (0.1ms)[0m  [1m[34mSELECT  "users".* FROM "users" WHERE "users"."id" = ? LIMIT ?[0m  [["id", 1], ["LIMIT", 1]]
  [1m[35mSQL (0.3ms)[0m  [1m[32mINSERT INTO "follow_relationships" ("following_id", "follower_id", "created_at", "updated_at") VALUES (?, ?, ?, ?)[0m  [["following_id", 1], ["follower_id", 3], ["created_at", 2017-02-23 05:11:36 UTC], ["updated_at", 2017-02-23 05:11:36 UTC]]
  [1m[35m (6.7ms)[0m  [1m[36mcommit transaction[0m
  [1m[36mUser Load (0.2ms)[0m  [1m[34mSELECT  "users".* FROM "users" WHERE "users"."id" = ? LIMIT ?[0m  [["id", 1], ["LIMIT", 1]]
  [1m[35m (0.1ms)[0m  [1m[36mbegin transaction[0m
  [1m[35mSQL (0.4ms)[0m  [1m[33mUPDATE "users" SET "first_name" = ?, "last_name" = ?, "updated_at" = ? WHERE "users"."id" = ?[0m  [["first_name", "John"], ["last_name", "Doe"], ["updated_at", 2017-02-23 05:12:22 UTC], ["id", 1]]
  [1m[35m (6.6ms)[0m  [1m[36mcommit transaction[0m
  [1m[36mUser Load (0.3ms)[0m  [1m[34mSELECT "users".* FROM "users" INNER JOIN "follow_relationships" ON "users"."id" = "follow_relationships"."follower_id" WHERE "follow_relationships"."following_id" = ?[0m  [["following_id", 1]]
  [1m[36mUser Load (0.2ms)[0m  [1m[34mSELECT "users".* FROM "users" INNER JOIN "follow_relationships" ON "users"."id" = "follow_relationships"."following_id" WHERE "follow_relationships"."follower_id" = ?[0m  [["follower_id", 1]]
  [1m[36mFollowRelationship Load (0.2ms)[0m  [1m[34mSELECT "follow_relationships".* FROM "follow_relationships" WHERE "follow_relationships"."following_id" = ?[0m  [["following_id", 1]]
  [1m[36mFollowRelationship Load (0.2ms)[0m  [1m[34mSELECT "follow_relationships".* FROM "follow_relationships" WHERE "follow_relationships"."follower_id" = ?[0m  [["follower_id", 1]]
